#
# There is insufficient memory for the Java Runtime Environment to continue.
# Native memory allocation (malloc) failed to allocate 32744 bytes. Error detail: Chunk::new
# Possible reasons:
#   The system is out of physical RAM or swap space
#   This process is running with CompressedOops enabled, and the Java Heap may be blocking the growth of the native heap
# Possible solutions:
#   Reduce memory load on the system
#   Increase physical memory or swap space
#   Check if swap backing store is full
#   Decrease Java heap size (-Xmx/-Xms)
#   Decrease number of Java threads
#   Decrease Java thread stack sizes (-Xss)
#   Set larger code cache with -XX:ReservedCodeCacheSize=
#   JVM is running with Unscaled Compressed Oops mode in which the Java heap is
#     placed in the first 4GB address space. The Java Heap base address is the
#     maximum limit for the native heap growth. Please use -XX:HeapBaseMinAddress
#     to set the Java Heap base and to place the Java Heap above 4GB virtual address.
# This output file may be truncated or incomplete.
#
#  Out of Memory Error (arena.cpp:149), pid=16272, tid=5484
#
# JRE version: OpenJDK Runtime Environment (23.0.2+7) (build 23.0.2+7-58)
# Java VM: OpenJDK 64-Bit Server VM (23.0.2+7-58, mixed mode, sharing, tiered, compressed oops, compressed class ptrs, g1 gc, windows-amd64)
# No core dump will be written. Minidumps are not enabled by default on client versions of Windows
#

---------------  S U M M A R Y ------------

Command Line: -agentlib:jdwp=transport=dt_socket,address=127.0.0.1:62029,suspend=y,server=n -agentpath:C:\Users\ADMIN\AppData\Local\Temp\idea_libasyncProfiler_dll_temp_folder8441\libasyncProfiler.dll=version,jfr,event=wall,interval=10ms,cstack=no,file=C:\Users\ADMIN\IdeaSnapshots\Main_2025_04_11_215751.jfr,dbghelppath=C:\Users\ADMIN\AppData\Local\Temp\idea_dbghelp_dll_temp_folder4\dbghelp.dll,log=C:\Users\ADMIN\AppData\Local\Temp\Main_2025_04_11_215751.jfr.log.txt,logLevel=DEBUG -javaagent:C:\Users\ADMIN\AppData\Local\JetBrains\IntelliJIdea2024.3\captureAgent\debugger-agent.jar -Dkotlinx.coroutines.debug.enable.creation.stack.trace=false -Ddebugger.agent.enable.coroutines=true -Dkotlinx.coroutines.debug.enable.flows.stack.trace=true -Dkotlinx.coroutines.debug.enable.mutable.state.flows.stack.trace=true -Dfile.encoding=UTF-8 -Dsun.stdout.encoding=UTF-8 -Dsun.stderr.encoding=UTF-8 --module-path=C:\Users\ADMIN\Documents\Isabela\MiniSudoku\sudoku-game\target\classes;C:\Users\ADMIN\.m2\repository\org\openjfx\javafx-controls\17.0.6\javafx-controls-17.0.6-win.jar;C:\Users\ADMIN\.m2\repository\org\openjfx\javafx-fxml\17.0.6\javafx-fxml-17.0.6-win.jar;C:\Users\ADMIN\.m2\repository\org\openjfx\javafx-graphics\17.0.6\javafx-graphics-17.0.6-win.jar;C:\Users\ADMIN\.m2\repository\org\openjfx\javafx-base\17.0.6\javafx-base-17.0.6-win.jar -Djdk.module.main=com.example.sudokugame com.example.sudokugame/com.example.sudokugame.Main

Host: Intel(R) Core(TM) i3-1005G1 CPU @ 1.20GHz, 4 cores, 3G,  Windows 11 , 64 bit Build 22621 (10.0.22621.4974)
Time: Fri Apr 11 21:57:52 2025 Hora est. Pacífico, Sudamérica elapsed time: 1.035130 seconds (0d 0h 0m 1s)

---------------  T H R E A D  ---------------

Current thread (0x000001ba5bfaeab0):  JavaThread "C2 CompilerThread0" daemon [_thread_in_native, id=5484, stack(0x0000003d56800000,0x0000003d56900000) (1024K)]


Current CompileTask:
C2:1035  312       4       java.util.stream.ReferencePipeline$3$1::accept (23 bytes)

Stack: [0x0000003d56800000,0x0000003d56900000]
Native frames: (J=compiled Java code, j=interpreted, Vv=VM code, C=native code)
V  [jvm.dll+0x6e0b99]  (no source info available)
V  [jvm.dll+0x87e2b3]  (no source info available)
V  [jvm.dll+0x88073e]  (no source info available)
V  [jvm.dll+0x880e13]  (no source info available)
V  [jvm.dll+0x27b006]  (no source info available)
V  [jvm.dll+0xbc06f]  (no source info available)
V  [jvm.dll+0xbc2cb]  (no source info available)
V  [jvm.dll+0x6bb24a]  (no source info available)
V  [jvm.dll+0x6bafc4]  (no source info available)
V  [jvm.dll+0x397802]  (no source info available)
V  [jvm.dll+0x6fc90b]  (no source info available)
V  [jvm.dll+0x6fc6f8]  (no source info available)
V  [jvm.dll+0x6f7a97]  (no source info available)
V  [jvm.dll+0x6f1fdf]  (no source info available)
V  [jvm.dll+0x6f1417]  (no source info available)
V  [jvm.dll+0x6ef5e5]  (no source info available)
V  [jvm.dll+0x1c655c]  (no source info available)
V  [jvm.dll+0x1c70db]  (no source info available)
V  [jvm.dll+0x2edc7f]  (no source info available)
V  [jvm.dll+0x6f9c87]  (no source info available)
V  [jvm.dll+0x6f1fdf]  (no source info available)
V  [jvm.dll+0x6f1417]  (no source info available)
V  [jvm.dll+0x6ef5e5]  (no source info available)
V  [jvm.dll+0x1c655c]  (no source info available)
V  [jvm.dll+0x1c70db]  (no source info available)
V  [jvm.dll+0x2edc7f]  (no source info available)
V  [jvm.dll+0x6f9c87]  (no source info available)
V  [jvm.dll+0x6f1fdf]  (no source info available)
V  [jvm.dll+0x6f1417]  (no source info available)
V  [jvm.dll+0x6ef5e5]  (no source info available)
V  [jvm.dll+0x1c655c]  (no source info available)
V  [jvm.dll+0x1c70db]  (no source info available)
V  [jvm.dll+0x2edc7f]  (no source info available)
V  [jvm.dll+0x6f9c87]  (no source info available)
V  [jvm.dll+0x6f1fdf]  (no source info available)
V  [jvm.dll+0x6f1417]  (no source info available)
V  [jvm.dll+0x6ef5e5]  (no source info available)
V  [jvm.dll+0x1c655c]  (no source info available)
V  [jvm.dll+0x1c70db]  (no source info available)
V  [jvm.dll+0x1c70db]  (no source info available)
V  [jvm.dll+0x2edc7f]  (no source info available)
V  [jvm.dll+0x6f9c87]  (no source info available)
V  [jvm.dll+0x6f1fdf]  (no source info available)
V  [jvm.dll+0x6f1417]  (no source info available)
V  [jvm.dll+0x6ef5e5]  (no source info available)
V  [jvm.dll+0x1c655c]  (no source info available)
V  [jvm.dll+0x1c70db]  (no source info available)
V  [jvm.dll+0x1c70db]  (no source info available)
V  [jvm.dll+0x2edc7f]  (no source info available)
V  [jvm.dll+0x6f9c87]  (no source info available)
V  [jvm.dll+0x6f1fdf]  (no source info available)
V  [jvm.dll+0x6f1417]  (no source info available)
V  [jvm.dll+0x6ef5e5]  (no source info available)
V  [jvm.dll+0x1c655c]  (no source info available)
V  [jvm.dll+0x1c70db]  (no source info available)
V  [jvm.dll+0x1c70db]  (no source info available)
V  [jvm.dll+0x2edc7f]  (no source info available)
V  [jvm.dll+0x6f9c87]  (no source info available)
V  [jvm.dll+0x6f1fdf]  (no source info available)
V  [jvm.dll+0x6f1417]  (no source info available)
V  [jvm.dll+0x6ef5e5]  (no source info available)
V  [jvm.dll+0x1c655c]  (no source info available)
V  [jvm.dll+0x1c70db]  (no source info available)
V  [jvm.dll+0x2edc7f]  (no source info available)
V  [jvm.dll+0x6f9c87]  (no source info available)
V  [jvm.dll+0x6f1fdf]  (no source info available)
V  [jvm.dll+0x6f1417]  (no source info available)
V  [jvm.dll+0x6ef5e5]  (no source info available)
V  [jvm.dll+0x1c655c]  (no source info available)
V  [jvm.dll+0x1c70db]  (no source info available)
V  [jvm.dll+0x1c70db]  (no source info available)
V  [jvm.dll+0x2edc7f]  (no source info available)
V  [jvm.dll+0x6f9c87]  (no source info available)
V  [jvm.dll+0x6f1fdf]  (no source info available)
V  [jvm.dll+0x6f1417]  (no source info available)
V  [jvm.dll+0x6ef5e5]  (no source info available)
V  [jvm.dll+0x1c655c]  (no source info available)
V  [jvm.dll+0x243abc]  (no source info available)
V  [jvm.dll+0x1c34b0]  (no source info available)
V  [jvm.dll+0x253df1]  (no source info available)
V  [jvm.dll+0x2520aa]  (no source info available)
V  [jvm.dll+0x3ee226]  (no source info available)
V  [jvm.dll+0x8254cb]  (no source info available)
V  [jvm.dll+0x6df345]  (no source info available)
C  [ucrtbase.dll+0x29333]  (no source info available)
C  [KERNEL32.DLL+0x1259d]  (no source info available)
C  [ntdll.dll+0x5af38]  (no source info available)

Lock stack of current Java thread (top to bottom):


---------------  P R O C E S S  ---------------

Threads class SMR info:
_java_thread_list=0x000001ba414e4020, length=13, elements={
0x000001ba5c33de20, 0x000001ba5bfa16f0, 0x000001ba5bfa2810, 0x000001ba5bfa4460,
0x000001ba5bfa7760, 0x000001ba5bfa98e0, 0x000001ba5bfacaf0, 0x000001ba5bfaeab0,
0x000001ba5bfb4210, 0x000001ba5bf77740, 0x000001ba4149c2a0, 0x000001ba414b6d60,
0x000001ba414b73f0
}
_to_delete_list=0x000001ba414e3570, length=12, elements={
0x000001ba5c33de20, 0x000001ba5bfa16f0, 0x000001ba5bfa2810, 0x000001ba5bfa4460,
0x000001ba5bfa7760, 0x000001ba5bfa98e0, 0x000001ba5bfacaf0, 0x000001ba5bfaeab0,
0x000001ba5bfb4210, 0x000001ba5bf77740, 0x000001ba4149c2a0, 0x000001ba414b6d60
}

Java Threads: ( => current thread )
  0x000001ba5c33de20 JavaThread "main"                              [_thread_blocked, id=7776, stack(0x0000003d55a00000,0x0000003d55b00000) (1024K)]
  0x000001ba5bfa16f0 JavaThread "Reference Handler"          daemon [_thread_blocked, id=4704, stack(0x0000003d56200000,0x0000003d56300000) (1024K)]
  0x000001ba5bfa2810 JavaThread "Finalizer"                  daemon [_thread_blocked, id=7700, stack(0x0000003d56300000,0x0000003d56400000) (1024K)]
  0x000001ba5bfa4460 JavaThread "Signal Dispatcher"          daemon [_thread_blocked, id=7564, stack(0x0000003d56400000,0x0000003d56500000) (1024K)]
  0x000001ba5bfa7760 JavaThread "Attach Listener"            daemon [_thread_blocked, id=5060, stack(0x0000003d56500000,0x0000003d56600000) (1024K)]
  0x000001ba5bfa98e0 JavaThread "Service Thread"             daemon [_thread_blocked, id=10256, stack(0x0000003d56600000,0x0000003d56700000) (1024K)]
  0x000001ba5bfacaf0 JavaThread "Monitor Deflation Thread"   daemon [_thread_blocked, id=7692, stack(0x0000003d56700000,0x0000003d56800000) (1024K)]
=>0x000001ba5bfaeab0 JavaThread "C2 CompilerThread0"         daemon [_thread_in_native, id=5484, stack(0x0000003d56800000,0x0000003d56900000) (1024K)]
  0x000001ba5bfb4210 JavaThread "C1 CompilerThread0"         daemon [_thread_in_native, id=7136, stack(0x0000003d56900000,0x0000003d56a00000) (1024K)]
  0x000001ba5bf77740 JavaThread "Common-Cleaner"             daemon [_thread_blocked, id=1536, stack(0x0000003d56a00000,0x0000003d56b00000) (1024K)]
  0x000001ba4149c2a0 JavaThread "JDWP Transport Listener: dt_socket" daemon [_thread_blocked, id=14404, stack(0x0000003d56b00000,0x0000003d56c00000) (1024K)]
  0x000001ba414b6d60 JavaThread "JDWP Event Helper Thread"   daemon [_thread_blocked, id=3940, stack(0x0000003d56c00000,0x0000003d56d00000) (1024K)]
  0x000001ba414b73f0 JavaThread "JDWP Command Reader"        daemon [_thread_in_native, id=11152, stack(0x0000003d56d00000,0x0000003d56e00000) (1024K)]
Total: 13

Other Threads:
  0x000001ba5bf88000 VMThread "VM Thread"                           [id=13036, stack(0x0000003d56100000,0x0000003d56200000) (1024K)]
  0x000001ba5bf757f0 WatcherThread "VM Periodic Task Thread"        [id=2968, stack(0x0000003d56000000,0x0000003d56100000) (1024K)]
  0x000001ba5be61b80 WorkerThread "GC Thread#0"                     [id=10084, stack(0x0000003d55b00000,0x0000003d55c00000) (1024K)]
  0x000001ba5be6c310 ConcurrentGCThread "G1 Main Marker"            [id=12368, stack(0x0000003d55c00000,0x0000003d55d00000) (1024K)]
  0x000001ba5be6ee10 WorkerThread "G1 Conc#0"                       [id=13952, stack(0x0000003d55d00000,0x0000003d55e00000) (1024K)]
  0x000001ba5bec5980 ConcurrentGCThread "G1 Refine#0"               [id=4508, stack(0x0000003d55e00000,0x0000003d55f00000) (1024K)]
  0x000001ba5bec6500 ConcurrentGCThread "G1 Service"                [id=2108, stack(0x0000003d55f00000,0x0000003d56000000) (1024K)]
Total: 7

Threads with active compile tasks:
C2 CompilerThread0  1190  312       4       java.util.stream.ReferencePipeline$3$1::accept (23 bytes)
C1 CompilerThread0  1190  328       3       sun.invoke.util.VerifyAccess::ensureTypeVisible (100 bytes)
Total: 2

VM state: not at safepoint (normal execution)

VM Mutex/Monitor currently owned by a thread: None

Heap address: 0x00000000c3200000, size: 974 MB, Compressed Oops mode: 32-bit

CDS archive(s) mapped at: [0x000001ba00000000-0x000001ba00d70000-0x000001ba00d70000), size 14090240, SharedBaseAddress: 0x000001ba00000000, ArchiveRelocationMode: 1.
Compressed class space mapped at: 0x000001ba01000000-0x000001ba41000000, reserved size: 1073741824
Narrow klass base: 0x000001ba00000000, Narrow klass shift: 0, Narrow klass range: 0x41000000

GC Precious Log:
 CardTable entry size: 512
 Card Set container configuration: InlinePtr #cards 5 size 8 Array Of Cards #cards 10 size 36 Howl #buckets 4 coarsen threshold 1843 Howl Bitmap #cards 512 size 80 coarsen threshold 460 Card regions per heap region 1 cards per card region 2048
 CPUs: 4 total, 4 available
 Memory: 3891M
 Large Page Support: Disabled
 NUMA Support: Disabled
 Compressed Oops: Enabled (32-bit)
 Heap Region Size: 1M
 Heap Min Capacity: 8M
 Heap Initial Capacity: 62M
 Heap Max Capacity: 974M
 Pre-touch: Disabled
 Parallel Workers: 4
 Concurrent Workers: 1
 Concurrent Refinement Workers: 4
 Periodic GC: Disabled

Heap:
 garbage-first heap   total reserved 997376K, committed 63488K, used 6144K [0x00000000c3200000, 0x0000000100000000)
  region size 1024K, 7 young (7168K), 0 survivors (0K)
 Metaspace       used 804K, committed 960K, reserved 1114112K
  class space    used 61K, committed 128K, reserved 1048576K

Heap Regions: E=young(eden), S=young(survivor), O=old, HS=humongous(starts), HC=humongous(continues), CS=collection set, F=free, TAMS=top-at-mark-start, PB=parsable bottom
|   0|0x00000000c3200000, 0x00000000c3200000, 0x00000000c3300000|  0%| F|  |TAMS 0x00000000c3200000| PB 0x00000000c3200000| Untracked |  0
|   1|0x00000000c3300000, 0x00000000c3300000, 0x00000000c3400000|  0%| F|  |TAMS 0x00000000c3300000| PB 0x00000000c3300000| Untracked |  0
|   2|0x00000000c3400000, 0x00000000c3400000, 0x00000000c3500000|  0%| F|  |TAMS 0x00000000c3400000| PB 0x00000000c3400000| Untracked |  0
|   3|0x00000000c3500000, 0x00000000c3500000, 0x00000000c3600000|  0%| F|  |TAMS 0x00000000c3500000| PB 0x00000000c3500000| Untracked |  0
|   4|0x00000000c3600000, 0x00000000c3600000, 0x00000000c3700000|  0%| F|  |TAMS 0x00000000c3600000| PB 0x00000000c3600000| Untracked |  0
|   5|0x00000000c3700000, 0x00000000c3700000, 0x00000000c3800000|  0%| F|  |TAMS 0x00000000c3700000| PB 0x00000000c3700000| Untracked |  0
|   6|0x00000000c3800000, 0x00000000c3800000, 0x00000000c3900000|  0%| F|  |TAMS 0x00000000c3800000| PB 0x00000000c3800000| Untracked |  0
|   7|0x00000000c3900000, 0x00000000c3900000, 0x00000000c3a00000|  0%| F|  |TAMS 0x00000000c3900000| PB 0x00000000c3900000| Untracked |  0
|   8|0x00000000c3a00000, 0x00000000c3a00000, 0x00000000c3b00000|  0%| F|  |TAMS 0x00000000c3a00000| PB 0x00000000c3a00000| Untracked |  0
|   9|0x00000000c3b00000, 0x00000000c3b00000, 0x00000000c3c00000|  0%| F|  |TAMS 0x00000000c3b00000| PB 0x00000000c3b00000| Untracked |  0
|  10|0x00000000c3c00000, 0x00000000c3c00000, 0x00000000c3d00000|  0%| F|  |TAMS 0x00000000c3c00000| PB 0x00000000c3c00000| Untracked |  0
|  11|0x00000000c3d00000, 0x00000000c3d00000, 0x00000000c3e00000|  0%| F|  |TAMS 0x00000000c3d00000| PB 0x00000000c3d00000| Untracked |  0
|  12|0x00000000c3e00000, 0x00000000c3e00000, 0x00000000c3f00000|  0%| F|  |TAMS 0x00000000c3e00000| PB 0x00000000c3e00000| Untracked |  0
|  13|0x00000000c3f00000, 0x00000000c3f00000, 0x00000000c4000000|  0%| F|  |TAMS 0x00000000c3f00000| PB 0x00000000c3f00000| Untracked |  0
|  14|0x00000000c4000000, 0x00000000c4000000, 0x00000000c4100000|  0%| F|  |TAMS 0x00000000c4000000| PB 0x00000000c4000000| Untracked |  0
|  15|0x00000000c4100000, 0x00000000c4100000, 0x00000000c4200000|  0%| F|  |TAMS 0x00000000c4100000| PB 0x00000000c4100000| Untracked |  0
|  16|0x00000000c4200000, 0x00000000c4200000, 0x00000000c4300000|  0%| F|  |TAMS 0x00000000c4200000| PB 0x00000000c4200000| Untracked |  0
|  17|0x00000000c4300000, 0x00000000c4300000, 0x00000000c4400000|  0%| F|  |TAMS 0x00000000c4300000| PB 0x00000000c4300000| Untracked |  0
|  18|0x00000000c4400000, 0x00000000c4400000, 0x00000000c4500000|  0%| F|  |TAMS 0x00000000c4400000| PB 0x00000000c4400000| Untracked |  0
|  19|0x00000000c4500000, 0x00000000c4500000, 0x00000000c4600000|  0%| F|  |TAMS 0x00000000c4500000| PB 0x00000000c4500000| Untracked |  0
|  20|0x00000000c4600000, 0x00000000c4600000, 0x00000000c4700000|  0%| F|  |TAMS 0x00000000c4600000| PB 0x00000000c4600000| Untracked |  0
|  21|0x00000000c4700000, 0x00000000c4700000, 0x00000000c4800000|  0%| F|  |TAMS 0x00000000c4700000| PB 0x00000000c4700000| Untracked |  0
|  22|0x00000000c4800000, 0x00000000c4800000, 0x00000000c4900000|  0%| F|  |TAMS 0x00000000c4800000| PB 0x00000000c4800000| Untracked |  0
|  23|0x00000000c4900000, 0x00000000c4900000, 0x00000000c4a00000|  0%| F|  |TAMS 0x00000000c4900000| PB 0x00000000c4900000| Untracked |  0
|  24|0x00000000c4a00000, 0x00000000c4a00000, 0x00000000c4b00000|  0%| F|  |TAMS 0x00000000c4a00000| PB 0x00000000c4a00000| Untracked |  0
|  25|0x00000000c4b00000, 0x00000000c4b00000, 0x00000000c4c00000|  0%| F|  |TAMS 0x00000000c4b00000| PB 0x00000000c4b00000| Untracked |  0
|  26|0x00000000c4c00000, 0x00000000c4c00000, 0x00000000c4d00000|  0%| F|  |TAMS 0x00000000c4c00000| PB 0x00000000c4c00000| Untracked |  0
|  27|0x00000000c4d00000, 0x00000000c4d00000, 0x00000000c4e00000|  0%| F|  |TAMS 0x00000000c4d00000| PB 0x00000000c4d00000| Untracked |  0
|  28|0x00000000c4e00000, 0x00000000c4e00000, 0x00000000c4f00000|  0%| F|  |TAMS 0x00000000c4e00000| PB 0x00000000c4e00000| Untracked |  0
|  29|0x00000000c4f00000, 0x00000000c4f00000, 0x00000000c5000000|  0%| F|  |TAMS 0x00000000c4f00000| PB 0x00000000c4f00000| Untracked |  0
|  30|0x00000000c5000000, 0x00000000c5000000, 0x00000000c5100000|  0%| F|  |TAMS 0x00000000c5000000| PB 0x00000000c5000000| Untracked |  0
|  31|0x00000000c5100000, 0x00000000c5100000, 0x00000000c5200000|  0%| F|  |TAMS 0x00000000c5100000| PB 0x00000000c5100000| Untracked |  0
|  32|0x00000000c5200000, 0x00000000c5200000, 0x00000000c5300000|  0%| F|  |TAMS 0x00000000c5200000| PB 0x00000000c5200000| Untracked |  0
|  33|0x00000000c5300000, 0x00000000c5300000, 0x00000000c5400000|  0%| F|  |TAMS 0x00000000c5300000| PB 0x00000000c5300000| Untracked |  0
|  34|0x00000000c5400000, 0x00000000c5400000, 0x00000000c5500000|  0%| F|  |TAMS 0x00000000c5400000| PB 0x00000000c5400000| Untracked |  0
|  35|0x00000000c5500000, 0x00000000c5500000, 0x00000000c5600000|  0%| F|  |TAMS 0x00000000c5500000| PB 0x00000000c5500000| Untracked |  0
|  36|0x00000000c5600000, 0x00000000c5600000, 0x00000000c5700000|  0%| F|  |TAMS 0x00000000c5600000| PB 0x00000000c5600000| Untracked |  0
|  37|0x00000000c5700000, 0x00000000c5700000, 0x00000000c5800000|  0%| F|  |TAMS 0x00000000c5700000| PB 0x00000000c5700000| Untracked |  0
|  38|0x00000000c5800000, 0x00000000c5800000, 0x00000000c5900000|  0%| F|  |TAMS 0x00000000c5800000| PB 0x00000000c5800000| Untracked |  0
|  39|0x00000000c5900000, 0x00000000c5900000, 0x00000000c5a00000|  0%| F|  |TAMS 0x00000000c5900000| PB 0x00000000c5900000| Untracked |  0
|  40|0x00000000c5a00000, 0x00000000c5a00000, 0x00000000c5b00000|  0%| F|  |TAMS 0x00000000c5a00000| PB 0x00000000c5a00000| Untracked |  0
|  41|0x00000000c5b00000, 0x00000000c5b00000, 0x00000000c5c00000|  0%| F|  |TAMS 0x00000000c5b00000| PB 0x00000000c5b00000| Untracked |  0
|  42|0x00000000c5c00000, 0x00000000c5c00000, 0x00000000c5d00000|  0%| F|  |TAMS 0x00000000c5c00000| PB 0x00000000c5c00000| Untracked |  0
|  43|0x00000000c5d00000, 0x00000000c5d00000, 0x00000000c5e00000|  0%| F|  |TAMS 0x00000000c5d00000| PB 0x00000000c5d00000| Untracked |  0
|  44|0x00000000c5e00000, 0x00000000c5e00000, 0x00000000c5f00000|  0%| F|  |TAMS 0x00000000c5e00000| PB 0x00000000c5e00000| Untracked |  0
|  45|0x00000000c5f00000, 0x00000000c5f00000, 0x00000000c6000000|  0%| F|  |TAMS 0x00000000c5f00000| PB 0x00000000c5f00000| Untracked |  0
|  46|0x00000000c6000000, 0x00000000c6000000, 0x00000000c6100000|  0%| F|  |TAMS 0x00000000c6000000| PB 0x00000000c6000000| Untracked |  0
|  47|0x00000000c6100000, 0x00000000c6100000, 0x00000000c6200000|  0%| F|  |TAMS 0x00000000c6100000| PB 0x00000000c6100000| Untracked |  0
|  48|0x00000000c6200000, 0x00000000c6200000, 0x00000000c6300000|  0%| F|  |TAMS 0x00000000c6200000| PB 0x00000000c6200000| Untracked |  0
|  49|0x00000000c6300000, 0x00000000c6300000, 0x00000000c6400000|  0%| F|  |TAMS 0x00000000c6300000| PB 0x00000000c6300000| Untracked |  0
|  50|0x00000000c6400000, 0x00000000c6400000, 0x00000000c6500000|  0%| F|  |TAMS 0x00000000c6400000| PB 0x00000000c6400000| Untracked |  0
|  51|0x00000000c6500000, 0x00000000c6500000, 0x00000000c6600000|  0%| F|  |TAMS 0x00000000c6500000| PB 0x00000000c6500000| Untracked |  0
|  52|0x00000000c6600000, 0x00000000c6600000, 0x00000000c6700000|  0%| F|  |TAMS 0x00000000c6600000| PB 0x00000000c6600000| Untracked |  0
|  53|0x00000000c6700000, 0x00000000c6700000, 0x00000000c6800000|  0%| F|  |TAMS 0x00000000c6700000| PB 0x00000000c6700000| Untracked |  0
|  54|0x00000000c6800000, 0x00000000c6800000, 0x00000000c6900000|  0%| F|  |TAMS 0x00000000c6800000| PB 0x00000000c6800000| Untracked |  0
|  55|0x00000000c6900000, 0x00000000c69d7158, 0x00000000c6a00000| 84%| E|  |TAMS 0x00000000c6900000| PB 0x00000000c6900000| Complete |  0
|  56|0x00000000c6a00000, 0x00000000c6b00000, 0x00000000c6b00000|100%| E|CS|TAMS 0x00000000c6a00000| PB 0x00000000c6a00000| Complete |  0
|  57|0x00000000c6b00000, 0x00000000c6c00000, 0x00000000c6c00000|100%| E|CS|TAMS 0x00000000c6b00000| PB 0x00000000c6b00000| Complete |  0
|  58|0x00000000c6c00000, 0x00000000c6d00000, 0x00000000c6d00000|100%| E|CS|TAMS 0x00000000c6c00000| PB 0x00000000c6c00000| Complete |  0
|  59|0x00000000c6d00000, 0x00000000c6e00000, 0x00000000c6e00000|100%| E|CS|TAMS 0x00000000c6d00000| PB 0x00000000c6d00000| Complete |  0
|  60|0x00000000c6e00000, 0x00000000c6f00000, 0x00000000c6f00000|100%| E|CS|TAMS 0x00000000c6e00000| PB 0x00000000c6e00000| Complete |  0
|  61|0x00000000c6f00000, 0x00000000c7000000, 0x00000000c7000000|100%| E|CS|TAMS 0x00000000c6f00000| PB 0x00000000c6f00000| Complete |  0

Card table byte_map: [0x000001ba747e0000,0x000001ba749d0000] _byte_map_base: 0x000001ba741c7000

Marking Bits: (CMBitMap*) 0x000001ba5be621a0
 Bits: [0x000001ba749d0000, 0x000001ba75908000)

Polling page: 0x000001ba5a260000

Metaspace:

Usage:
  Non-class:    742.91 KB used.
      Class:     61.47 KB used.
       Both:    804.38 KB used.

Virtual space:
  Non-class space:       64.00 MB reserved,     832.00 KB (  1%) committed,  1 nodes.
      Class space:        1.00 GB reserved,     128.00 KB ( <1%) committed,  1 nodes.
             Both:        1.06 GB reserved,     960.00 KB ( <1%) committed. 

Chunk freelists:
   Non-Class:  11.99 MB
       Class:  15.74 MB
        Both:  27.73 MB

MaxMetaspaceSize: unlimited
CompressedClassSpaceSize: 1.00 GB
Initial GC threshold: 21.00 MB
Current GC threshold: 21.00 MB
CDS: on
 - commit_granule_bytes: 65536.
 - commit_granule_words: 8192.
 - virtual_space_node_default_size: 8388608.
 - enlarge_chunks_in_place: 1.
 - use_allocation_guard: 0.


Internal statistics:

num_allocs_failed_limit: 0.
num_arena_births: 12.
num_arena_deaths: 0.
num_vsnodes_births: 2.
num_vsnodes_deaths: 0.
num_space_committed: 15.
num_space_uncommitted: 0.
num_chunks_returned_to_freelist: 0.
num_chunks_taken_from_freelist: 13.
num_chunk_merges: 0.
num_chunk_splits: 9.
num_chunks_enlarged: 5.
num_inconsistent_stats: 0.

CodeHeap 'non-profiled nmethods': size=120064Kb used=101Kb max_used=101Kb free=119963Kb
 bounds [0x000001ba6cc70000, 0x000001ba6cee0000, 0x000001ba741b0000]
CodeHeap 'profiled nmethods': size=120000Kb used=360Kb max_used=360Kb free=119639Kb
 bounds [0x000001ba651b0000, 0x000001ba65420000, 0x000001ba6c6e0000]
CodeHeap 'non-nmethods': size=5696Kb used=1461Kb max_used=1474Kb free=4234Kb
 bounds [0x000001ba6c6e0000, 0x000001ba6c950000, 0x000001ba6cc70000]
CodeCache: size=245760Kb, used=1922Kb, max_used=1935Kb, free=243836Kb
 total_blobs=752, nmethods=330, adapters=328, full_count=0
Compilation: enabled, stopped_count=0, restarted_count=0

Compilation events (20 events):
Event: 1.024 Thread 0x000001ba5bfb4210 nmethod 317 0x000001ba65205408 code [0x000001ba65205540, 0x000001ba65205790]
Event: 1.024 Thread 0x000001ba5bfb4210  318       3       java.io.DataInputStream::readUTF (497 bytes)
Event: 1.024 Thread 0x000001ba5bfaeab0 nmethod 307 0x000001ba6cc87588 code [0x000001ba6cc876a0, 0x000001ba6cc87920]
Event: 1.024 Thread 0x000001ba5bfaeab0  309       4       java.lang.CharacterDataLatin1::isJavaIdentifierStart (23 bytes)
Event: 1.025 Thread 0x000001ba5bfaeab0 nmethod 309 0x000001ba6cc87988 code [0x000001ba6cc87a80, 0x000001ba6cc87b70]
Event: 1.025 Thread 0x000001ba5bfaeab0  311       4       java.util.zip.ZipFile$Source::zipCoderForPos (39 bytes)
Event: 1.025 Thread 0x000001ba5bfb4210 nmethod 318 0x000001ba65205808 code [0x000001ba65205be0, 0x000001ba65207b80]
Event: 1.025 Thread 0x000001ba5bfb4210  319       3       jdk.internal.module.ModuleInfo$CountingDataInput::readUnsignedByte (22 bytes)
Event: 1.026 Thread 0x000001ba5bfaeab0 nmethod 311 0x000001ba6cc87c88 code [0x000001ba6cc87d80, 0x000001ba6cc87e48]
Event: 1.026 Thread 0x000001ba5bfaeab0  312       4       java.util.stream.ReferencePipeline$3$1::accept (23 bytes)
Event: 1.026 Thread 0x000001ba5bfb4210 nmethod 319 0x000001ba65207c08 code [0x000001ba65207d20, 0x000001ba65207f10]
Event: 1.026 Thread 0x000001ba5bfb4210  320       3       java.io.DataInputStream::readUnsignedByte (22 bytes)
Event: 1.026 Thread 0x000001ba5bfb4210 nmethod 320 0x000001ba65207f88 code [0x000001ba652080e0, 0x000001ba65208378]
Event: 1.026 Thread 0x000001ba5bfb4210  321       3       jdk.internal.module.ModuleInfo$ConstantPool$Entry::<init> (10 bytes)
Event: 1.026 Thread 0x000001ba5bfb4210 nmethod 321 0x000001ba65208388 code [0x000001ba652084a0, 0x000001ba65208608]
Event: 1.032 Thread 0x000001ba5bfb4210  323       3       java.util.ImmutableCollections$Set12$1::hasNext (13 bytes)
Event: 1.032 Thread 0x000001ba5bfb4210 nmethod 323 0x000001ba65208688 code [0x000001ba652087a0, 0x000001ba652088f8]
Event: 1.032 Thread 0x000001ba5bfb4210  324       3       java.lang.ref.WeakReference::<init> (7 bytes)
Event: 1.032 Thread 0x000001ba5bfb4210 nmethod 324 0x000001ba65208988 code [0x000001ba65208ac0, 0x000001ba65208d88]
Event: 1.032 Thread 0x000001ba5bfb4210  325       3       java.lang.Class::getPackageName (81 bytes)

GC Heap History (0 events):
No events

Dll operation events (6 events):
Event: 0.566 Loaded shared library C:\Users\ADMIN\.jdks\openjdk-23.0.2\bin\java.dll
Event: 0.568 Loaded shared library C:\Users\ADMIN\.jdks\openjdk-23.0.2\bin\zip.dll
Event: 0.633 Loaded shared library C:\Users\ADMIN\.jdks\openjdk-23.0.2\bin\jsvml.dll
Event: 0.693 Loaded shared library C:\Users\ADMIN\.jdks\openjdk-23.0.2\bin\net.dll
Event: 0.698 Loaded shared library C:\Users\ADMIN\.jdks\openjdk-23.0.2\bin\nio.dll
Event: 0.776 Loaded shared library C:\Users\ADMIN\.jdks\openjdk-23.0.2\bin\zip.dll

Deoptimization events (10 events):
Event: 0.771 Thread 0x000001ba5c33de20 DEOPT PACKING pc=0x000001ba651d5541 sp=0x0000003d55afe180
Event: 0.771 Thread 0x000001ba5c33de20 DEOPT UNPACKING pc=0x000001ba6c7384c2 sp=0x0000003d55afd5f0 mode 0
Event: 0.970 Thread 0x000001ba5c33de20 Uncommon trap: trap_request=0xffffff45 fr.pc=0x000001ba6cc808a8 relative=0x00000000000000a8
Event: 0.970 Thread 0x000001ba5c33de20 Uncommon trap: reason=unstable_if action=reinterpret pc=0x000001ba6cc808a8 method=java.lang.CharacterDataLatin1.isJavaIdentifierPart(I)Z @ 11 c2
Event: 0.970 Thread 0x000001ba5c33de20 DEOPT PACKING pc=0x000001ba6cc808a8 sp=0x0000003d55afde10
Event: 0.970 Thread 0x000001ba5c33de20 DEOPT UNPACKING pc=0x000001ba6c737982 sp=0x0000003d55afdda8 mode 2
Event: 0.977 Thread 0x000001ba5c33de20 Uncommon trap: trap_request=0xffffff45 fr.pc=0x000001ba6cc827c0 relative=0x0000000000000740
Event: 0.977 Thread 0x000001ba5c33de20 Uncommon trap: reason=unstable_if action=reinterpret pc=0x000001ba6cc827c0 method=java.lang.CharacterDataLatin1.isJavaIdentifierPart(I)Z @ 11 c2
Event: 0.977 Thread 0x000001ba5c33de20 DEOPT PACKING pc=0x000001ba6cc827c0 sp=0x0000003d55afde70
Event: 0.977 Thread 0x000001ba5c33de20 DEOPT UNPACKING pc=0x000001ba6c737982 sp=0x0000003d55afdd50 mode 2

Classes loaded (20 events):
Event: 0.722 Loading class sun/nio/fs/WindowsDirectoryStream
Event: 0.723 Loading class java/nio/file/DirectoryStream
Event: 0.723 Loading class java/nio/file/DirectoryStream done
Event: 0.723 Loading class sun/nio/fs/WindowsDirectoryStream done
Event: 0.723 Loading class java/nio/file/FileTreeWalker$DirectoryNode
Event: 0.723 Loading class java/nio/file/FileTreeWalker$DirectoryNode done
Event: 0.723 Loading class sun/nio/fs/WindowsDirectoryStream$WindowsDirectoryIterator
Event: 0.723 Loading class sun/nio/fs/WindowsDirectoryStream$WindowsDirectoryIterator done
Event: 0.723 Loading class java/nio/file/FileTreeWalker$Event
Event: 0.723 Loading class java/nio/file/FileTreeWalker$Event done
Event: 0.723 Loading class java/nio/file/FileTreeWalker$EventType
Event: 0.723 Loading class java/nio/file/FileTreeWalker$EventType done
Event: 0.735 Loading class sun/nio/fs/WindowsPath$WindowsPathWithAttributes
Event: 0.735 Loading class sun/nio/fs/BasicFileAttributesHolder
Event: 0.735 Loading class sun/nio/fs/BasicFileAttributesHolder done
Event: 0.735 Loading class sun/nio/fs/WindowsPath$WindowsPathWithAttributes done
Event: 0.973 Loading class java/util/WeakHashMap$KeyIterator
Event: 0.973 Loading class java/util/WeakHashMap$HashIterator
Event: 0.973 Loading class java/util/WeakHashMap$HashIterator done
Event: 0.973 Loading class java/util/WeakHashMap$KeyIterator done

Classes unloaded (0 events):
No events

Classes redefined (0 events):
No events

Internal exceptions (2 events):
Event: 0.724 Thread 0x000001ba5c33de20 Exception <a 'java/lang/NoSuchMethodError'{0x00000000c6e92168}: 'void java.lang.invoke.DirectMethodHandle$Holder.invokeVirtual(java.lang.Object, java.lang.Object)'> (0x00000000c6e92168) 
thrown [s\open\src\hotspot\share\interpreter\linkResolver.cpp, line 796]
Event: 0.731 Thread 0x000001ba5c33de20 Exception <a 'java/lang/NoSuchMethodError'{0x00000000c6e9d918}: 'java.lang.Object java.lang.invoke.DirectMethodHandle$Holder.invokeInterface(java.lang.Object, java.lang.Object, java.lang.Object)'> (0x00000000c6e9d918) 
thrown [s\open\src\hotspot\share\interpreter\linkResolver.cpp, line 796]

VM Operations (0 events):
No events

Memory protections (0 events):
No events

Nmethod flushes (0 events):
No events

Events (10 events):
Event: 0.600 Thread 0x000001ba5c33de20 Thread added: 0x000001ba5c33de20
Event: 0.627 Thread 0x000001ba5c33de20 Thread added: 0x000001ba5bfa16f0
Event: 0.628 Thread 0x000001ba5c33de20 Thread added: 0x000001ba5bfa2810
Event: 0.628 Thread 0x000001ba5c33de20 Thread added: 0x000001ba5bfa4460
Event: 0.628 Thread 0x000001ba5c33de20 Thread added: 0x000001ba5bfa7760
Event: 0.628 Thread 0x000001ba5c33de20 Thread added: 0x000001ba5bfa98e0
Event: 0.628 Thread 0x000001ba5c33de20 Thread added: 0x000001ba5bfacaf0
Event: 0.629 Thread 0x000001ba5c33de20 Thread added: 0x000001ba5bfaeab0
Event: 0.629 Thread 0x000001ba5c33de20 Thread added: 0x000001ba5bfb4210
Event: 0.683 Thread 0x000001ba5c33de20 Thread added: 0x000001ba5bf77740


Dynamic libraries:
0x00007ff642d30000 - 0x00007ff642d3e000 	C:\Users\ADMIN\.jdks\openjdk-23.0.2\bin\java.exe
0x00007ffc9a830000 - 0x00007ffc9aa47000 	C:\WINDOWS\SYSTEM32\ntdll.dll
0x00007ffc5af00000 - 0x00007ffc5af1a000 	C:\Program Files\Avast Software\Avast\aswhook.dll
0x00007ffc98d30000 - 0x00007ffc98df4000 	C:\WINDOWS\System32\KERNEL32.DLL
0x00007ffc97f30000 - 0x00007ffc98301000 	C:\WINDOWS\System32\KERNELBASE.dll
0x00007ffc97c70000 - 0x00007ffc97d81000 	C:\WINDOWS\System32\ucrtbase.dll
0x00007ffc85a40000 - 0x00007ffc85a5b000 	C:\Users\ADMIN\.jdks\openjdk-23.0.2\bin\VCRUNTIME140.dll
0x00007ffc91e00000 - 0x00007ffc91e17000 	C:\Users\ADMIN\.jdks\openjdk-23.0.2\bin\jli.dll
0x00007ffc99fe0000 - 0x00007ffc9a191000 	C:\WINDOWS\System32\USER32.dll
0x00007ffc74aa0000 - 0x00007ffc74d32000 	C:\WINDOWS\WinSxS\amd64_microsoft.windows.common-controls_6595b64144ccf1df_6.0.22621.4830_none_270fe7d773858e80\COMCTL32.dll
0x00007ffc98310000 - 0x00007ffc98336000 	C:\WINDOWS\System32\win32u.dll
0x00007ffc99f30000 - 0x00007ffc99fd7000 	C:\WINDOWS\System32\msvcrt.dll
0x00007ffc98660000 - 0x00007ffc98689000 	C:\WINDOWS\System32\GDI32.dll
0x00007ffc97970000 - 0x00007ffc97a8b000 	C:\WINDOWS\System32\gdi32full.dll
0x00007ffc97b10000 - 0x00007ffc97baa000 	C:\WINDOWS\System32\msvcp_win.dll
0x00007ffc9a790000 - 0x00007ffc9a7c1000 	C:\WINDOWS\System32\IMM32.DLL
0x00007ffc942f0000 - 0x00007ffc942fc000 	C:\Users\ADMIN\.jdks\openjdk-23.0.2\bin\vcruntime140_1.dll
0x00007ffc85620000 - 0x00007ffc856ae000 	C:\Users\ADMIN\.jdks\openjdk-23.0.2\bin\msvcp140.dll
0x00007ffc40710000 - 0x00007ffc41460000 	C:\Users\ADMIN\.jdks\openjdk-23.0.2\bin\server\jvm.dll
0x00007ffc986a0000 - 0x00007ffc98751000 	C:\WINDOWS\System32\ADVAPI32.dll
0x00007ffc9a2b0000 - 0x00007ffc9a357000 	C:\WINDOWS\System32\sechost.dll
0x00007ffc97f00000 - 0x00007ffc97f28000 	C:\WINDOWS\System32\bcrypt.dll
0x00007ffc9a670000 - 0x00007ffc9a784000 	C:\WINDOWS\System32\RPCRT4.dll
0x00007ffc99cf0000 - 0x00007ffc99d61000 	C:\WINDOWS\System32\WS2_32.dll
0x00007ffc97850000 - 0x00007ffc9789d000 	C:\WINDOWS\SYSTEM32\POWRPROF.dll
0x00007ffc89a30000 - 0x00007ffc89a64000 	C:\WINDOWS\SYSTEM32\WINMM.dll
0x00007ffc92090000 - 0x00007ffc9209a000 	C:\WINDOWS\SYSTEM32\VERSION.dll
0x00007ffc97820000 - 0x00007ffc97833000 	C:\WINDOWS\SYSTEM32\UMPDC.dll
0x00007ffc969c0000 - 0x00007ffc969d8000 	C:\WINDOWS\SYSTEM32\kernel.appcore.dll
0x00007ffc94280000 - 0x00007ffc9428a000 	C:\Users\ADMIN\.jdks\openjdk-23.0.2\bin\jimage.dll
0x00007ffc955a0000 - 0x00007ffc957d2000 	C:\WINDOWS\SYSTEM32\DBGHELP.DLL
0x00007ffc98760000 - 0x00007ffc98af0000 	C:\WINDOWS\System32\combase.dll
0x00007ffc98580000 - 0x00007ffc98657000 	C:\WINDOWS\System32\OLEAUT32.dll
0x00007ffc94370000 - 0x00007ffc943a2000 	C:\WINDOWS\SYSTEM32\dbgcore.DLL
0x00007ffc97a90000 - 0x00007ffc97b0b000 	C:\WINDOWS\System32\bcryptPrimitives.dll
0x00007ffc855b0000 - 0x00007ffc855ec000 	C:\Users\ADMIN\.jdks\openjdk-23.0.2\bin\jdwp.dll
0x00007ffc4e5d0000 - 0x00007ffc4e7de000 	C:\Users\ADMIN\AppData\Local\Temp\idea_libasyncProfiler_dll_temp_folder8441\libasyncProfiler.dll
0x00007ffc855a0000 - 0x00007ffc855af000 	C:\Users\ADMIN\.jdks\openjdk-23.0.2\bin\instrument.dll
0x00007ffc85a00000 - 0x00007ffc85a1e000 	C:\Users\ADMIN\.jdks\openjdk-23.0.2\bin\java.dll
0x00007ffc9a360000 - 0x00007ffc9a501000 	C:\WINDOWS\System32\ole32.dll
0x00007ffc98e20000 - 0x00007ffc996a8000 	C:\WINDOWS\System32\SHELL32.dll
0x00007ffc98340000 - 0x00007ffc9847f000 	C:\WINDOWS\System32\wintypes.dll
0x00007ffc85600000 - 0x00007ffc85617000 	C:\Users\ADMIN\.jdks\openjdk-23.0.2\bin\zip.dll
0x00007ffc958d0000 - 0x00007ffc961dd000 	C:\WINDOWS\SYSTEM32\windows.storage.dll
0x00007ffc9a1a0000 - 0x00007ffc9a2aa000 	C:\WINDOWS\System32\SHCORE.dll
0x00007ffc99c90000 - 0x00007ffc99cee000 	C:\WINDOWS\System32\shlwapi.dll
0x00007ffc978a0000 - 0x00007ffc978cb000 	C:\WINDOWS\SYSTEM32\profapi.dll
0x00007ffc74510000 - 0x00007ffc745e7000 	C:\Users\ADMIN\.jdks\openjdk-23.0.2\bin\jsvml.dll
0x00007ffc85bc0000 - 0x00007ffc85bd0000 	C:\Users\ADMIN\.jdks\openjdk-23.0.2\bin\net.dll
0x00007ffc96e30000 - 0x00007ffc96e9a000 	C:\WINDOWS\system32\mswsock.dll
0x00007ffc85710000 - 0x00007ffc85726000 	C:\Users\ADMIN\.jdks\openjdk-23.0.2\bin\nio.dll
0x00007ffc85500000 - 0x00007ffc8550c000 	C:\Users\ADMIN\.jdks\openjdk-23.0.2\bin\dt_socket.dll
0x00007ffc96440000 - 0x00007ffc9646d000 	C:\WINDOWS\SYSTEM32\IPHLPAPI.DLL

dbghelp: loaded successfully - version: 4.0.5 - missing functions: none
symbol engine: initialized successfully - sym options: 0x614 - pdb path: .;C:\Users\ADMIN\.jdks\openjdk-23.0.2\bin;C:\WINDOWS\SYSTEM32;C:\Program Files\Avast Software\Avast;C:\WINDOWS\WinSxS\amd64_microsoft.windows.common-controls_6595b64144ccf1df_6.0.22621.4830_none_270fe7d773858e80;C:\Users\ADMIN\.jdks\openjdk-23.0.2\bin\server;C:\Users\ADMIN\AppData\Local\Temp\idea_libasyncProfiler_dll_temp_folder8441

VM Arguments:
jvm_args: -agentlib:jdwp=transport=dt_socket,address=127.0.0.1:62029,suspend=y,server=n -agentpath:C:\Users\ADMIN\AppData\Local\Temp\idea_libasyncProfiler_dll_temp_folder8441\libasyncProfiler.dll=version,jfr,event=wall,interval=10ms,cstack=no,file=C:\Users\ADMIN\IdeaSnapshots\Main_2025_04_11_215751.jfr,dbghelppath=C:\Users\ADMIN\AppData\Local\Temp\idea_dbghelp_dll_temp_folder4\dbghelp.dll,log=C:\Users\ADMIN\AppData\Local\Temp\Main_2025_04_11_215751.jfr.log.txt,logLevel=DEBUG -javaagent:C:\Users\ADMIN\AppData\Local\JetBrains\IntelliJIdea2024.3\captureAgent\debugger-agent.jar -Dkotlinx.coroutines.debug.enable.creation.stack.trace=false -Ddebugger.agent.enable.coroutines=true -Dkotlinx.coroutines.debug.enable.flows.stack.trace=true -Dkotlinx.coroutines.debug.enable.mutable.state.flows.stack.trace=true -Dfile.encoding=UTF-8 -Dsun.stdout.encoding=UTF-8 -Dsun.stderr.encoding=UTF-8 --module-path=C:\Users\ADMIN\Documents\Isabela\MiniSudoku\sudoku-game\target\classes;C:\Users\ADMIN\.m2\repository\org\openjfx\javafx-controls\17.0.6\javafx-controls-17.0.6-win.jar;C:\Users\ADMIN\.m2\repository\org\openjfx\javafx-fxml\17.0.6\javafx-fxml-17.0.6-win.jar;C:\Users\ADMIN\.m2\repository\org\openjfx\javafx-graphics\17.0.6\javafx-graphics-17.0.6-win.jar;C:\Users\ADMIN\.m2\repository\org\openjfx\javafx-base\17.0.6\javafx-base-17.0.6-win.jar -Djdk.module.main=com.example.sudokugame 
java_command: com.example.sudokugame/com.example.sudokugame.Main
java_class_path (initial): C:\Users\ADMIN\.m2\repository\org\openjfx\javafx-controls\17.0.6\javafx-controls-17.0.6.jar;C:\Users\ADMIN\.m2\repository\org\openjfx\javafx-graphics\17.0.6\javafx-graphics-17.0.6.jar;C:\Users\ADMIN\.m2\repository\org\openjfx\javafx-base\17.0.6\javafx-base-17.0.6.jar;C:\Users\ADMIN\.m2\repository\org\openjfx\javafx-fxml\17.0.6\javafx-fxml-17.0.6.jar;C:\Users\ADMIN\Documents\Isabela\IntelliJ IDEA 2024.3.3\lib\idea_rt.jar
Launcher Type: SUN_STANDARD

[Global flags]
     intx CICompilerCount                          = 3                                         {product} {ergonomic}
     uint ConcGCThreads                            = 1                                         {product} {ergonomic}
     uint G1ConcRefinementThreads                  = 4                                         {product} {ergonomic}
   size_t G1HeapRegionSize                         = 1048576                                   {product} {ergonomic}
   size_t InitialHeapSize                          = 65011712                                  {product} {ergonomic}
   size_t MarkStackSize                            = 4194304                                   {product} {ergonomic}
   size_t MarkStackSizeMax                         = 536870912                                 {product} {ergonomic}
   size_t MaxHeapSize                              = 1021313024                                {product} {ergonomic}
   size_t MaxNewSize                               = 612368384                                 {product} {ergonomic}
   size_t MinHeapDeltaBytes                        = 1048576                                   {product} {ergonomic}
   size_t MinHeapSize                              = 8388608                                   {product} {ergonomic}
    uintx NonNMethodCodeHeapSize                   = 5832704                                {pd product} {ergonomic}
    uintx NonProfiledCodeHeapSize                  = 122945536                              {pd product} {ergonomic}
    uintx ProfiledCodeHeapSize                     = 122880000                              {pd product} {ergonomic}
    uintx ReservedCodeCacheSize                    = 251658240                              {pd product} {ergonomic}
     bool SegmentedCodeCache                       = true                                      {product} {ergonomic}
   size_t SoftMaxHeapSize                          = 1021313024                             {manageable} {ergonomic}
     bool UseCompressedOops                        = true                           {product lp64_product} {ergonomic}
     bool UseG1GC                                  = true                                      {product} {ergonomic}
     bool UseLargePagesIndividualAllocation        = false                                  {pd product} {ergonomic}

Logging:
Log output configuration:
 #0: stdout all=warning uptime,level,tags foldmultilines=false
 #1: stderr all=off uptime,level,tags foldmultilines=false

Environment Variables:
PATH=C:\WINDOWS\system32;C:\WINDOWS;C:\WINDOWS\System32\Wbem;C:\WINDOWS\System32\WindowsPowerShell\v1.0\;C:\WINDOWS\System32\OpenSSH\;C:\Program Files\Git\cmd;C:\Users\ADMIN\AppData\Local\Microsoft\WindowsApps;
USERNAME=ADMIN
OS=Windows_NT
PROCESSOR_IDENTIFIER=Intel64 Family 6 Model 126 Stepping 5, GenuineIntel
TMP=C:\Users\ADMIN\AppData\Local\Temp
TEMP=C:\Users\ADMIN\AppData\Local\Temp




Periodic native trim disabled

---------------  S Y S T E M  ---------------

OS:
 Windows 11 , 64 bit Build 22621 (10.0.22621.4974)
OS uptime: 2 days 7:32 hours

CPU: total 4 (initial active 4) (2 cores per cpu, 2 threads per core) family 6 model 126 stepping 5 microcode 0x86, cx8, cmov, fxsr, ht, mmx, 3dnowpref, sse, sse2, sse3, ssse3, sse4.1, sse4.2, popcnt, lzcnt, tsc, tscinvbit, avx, avx2, aes, erms, clmul, bmi1, bmi2, adx, avx512f, avx512dq, avx512cd, avx512bw, avx512vl, sha, fma, vzeroupper, avx512_vpopcntdq, avx512_vpclmulqdq, avx512_vaes, avx512_vnni, clflush, clflushopt, avx512_vbmi2, avx512_vbmi, rdtscp, rdpid, fsrm, gfni, avx512_bitalg, f16c, pku, avx512_ifma
Processor Information for the first 4 processors :
  Max Mhz: 1190, Current Mhz: 1190, Mhz Limit: 1190

Memory: 4k page, system-wide physical 3891M (231M free)
TotalPageFile size 7987M (AvailPageFile size 0M)
current process WorkingSet (physical memory assigned to process): 48M, peak: 48M
current process commit charge ("private bytes"): 149M, peak: 149M

vm_info: OpenJDK 64-Bit Server VM (23.0.2+7-58) for windows-amd64 JRE (23.0.2+7-58), built on 2024-11-29T09:34:55Z with MS VC++ 17.6 (VS2022)

END.
