#
# There is insufficient memory for the Java Runtime Environment to continue.
# Native memory allocation (malloc) failed to allocate 32744 bytes. Error detail: Chunk::new
# Possible reasons:
#   The system is out of physical RAM or swap space
#   This process is running with CompressedOops enabled, and the Java Heap may be blocking the growth of the native heap
# Possible solutions:
#   Reduce memory load on the system
#   Increase physical memory or swap space
#   Check if swap backing store is full
#   Decrease Java heap size (-Xmx/-Xms)
#   Decrease number of Java threads
#   Decrease Java thread stack sizes (-Xss)
#   Set larger code cache with -XX:ReservedCodeCacheSize=
#   JVM is running with Unscaled Compressed Oops mode in which the Java heap is
#     placed in the first 4GB address space. The Java Heap base address is the
#     maximum limit for the native heap growth. Please use -XX:HeapBaseMinAddress
#     to set the Java Heap base and to place the Java Heap above 4GB virtual address.
# This output file may be truncated or incomplete.
#
#  Out of Memory Error (arena.cpp:149), pid=7300, tid=14636
#
# JRE version: OpenJDK Runtime Environment (23.0.2+7) (build 23.0.2+7-58)
# Java VM: OpenJDK 64-Bit Server VM (23.0.2+7-58, mixed mode, sharing, tiered, compressed oops, compressed class ptrs, g1 gc, windows-amd64)
# No core dump will be written. Minidumps are not enabled by default on client versions of Windows
#

---------------  S U M M A R Y ------------

Command Line: -agentlib:jdwp=transport=dt_socket,address=127.0.0.1:55241,suspend=y,server=n -agentpath:C:\Users\ADMIN\AppData\Local\Temp\idea_libasyncProfiler_dll_temp_folder4988\libasyncProfiler.dll=version,jfr,event=wall,interval=10ms,cstack=no,file=C:\Users\ADMIN\IdeaSnapshots\Main_2025_04_04_155649.jfr,dbghelppath=C:\Users\ADMIN\AppData\Local\Temp\idea_dbghelp_dll_temp_folder7\dbghelp.dll,log=C:\Users\ADMIN\AppData\Local\Temp\Main_2025_04_04_155649.jfr.log.txt,logLevel=DEBUG -javaagent:C:\Users\ADMIN\AppData\Local\JetBrains\IntelliJIdea2024.3\captureAgent\debugger-agent.jar -Dkotlinx.coroutines.debug.enable.creation.stack.trace=false -Ddebugger.agent.enable.coroutines=true -Dkotlinx.coroutines.debug.enable.flows.stack.trace=true -Dkotlinx.coroutines.debug.enable.mutable.state.flows.stack.trace=true -Dfile.encoding=UTF-8 -Dsun.stdout.encoding=UTF-8 -Dsun.stderr.encoding=UTF-8 --module-path=C:\Users\ADMIN\Documents\Isabela\MiniSudoku\sudoku-game\target\classes;C:\Users\ADMIN\.m2\repository\org\openjfx\javafx-graphics\17.0.6\javafx-graphics-17.0.6-win.jar;C:\Users\ADMIN\.m2\repository\org\openjfx\javafx-fxml\17.0.6\javafx-fxml-17.0.6-win.jar;C:\Users\ADMIN\.m2\repository\org\openjfx\javafx-base\17.0.6\javafx-base-17.0.6-win.jar;C:\Users\ADMIN\.m2\repository\org\openjfx\javafx-controls\17.0.6\javafx-controls-17.0.6-win.jar -Djdk.module.main=com.example.sudokugame com.example.sudokugame/com.example.sudokugame.Main

Host: Intel(R) Core(TM) i3-1005G1 CPU @ 1.20GHz, 4 cores, 3G,  Windows 11 , 64 bit Build 22621 (10.0.22621.4974)
Time: Fri Apr  4 15:56:50 2025 Hora est. Pacífico, Sudamérica elapsed time: 1.213337 seconds (0d 0h 0m 1s)

---------------  T H R E A D  ---------------

Current thread (0x000002ce9508a8f0):  JavaThread "C1 CompilerThread0" daemon [_thread_in_native, id=14636, stack(0x000000de63300000,0x000000de63400000) (1024K)]


Current CompileTask:
C1:1213  666       3       sun.security.provider.MD5::implCompress0 (1407 bytes)

Stack: [0x000000de63300000,0x000000de63400000]
Native frames: (J=compiled Java code, j=interpreted, Vv=VM code, C=native code)
V  [jvm.dll+0x6e0b99]  (no source info available)
V  [jvm.dll+0x87e2b3]  (no source info available)
V  [jvm.dll+0x88073e]  (no source info available)
V  [jvm.dll+0x880e13]  (no source info available)
V  [jvm.dll+0x27b006]  (no source info available)
V  [jvm.dll+0xbc06f]  (no source info available)
V  [jvm.dll+0xbc2cb]  (no source info available)
V  [jvm.dll+0x190d57]  (no source info available)
V  [jvm.dll+0x1919c2]  (no source info available)
V  [jvm.dll+0x191a7d]  (no source info available)
V  [jvm.dll+0x194069]  (no source info available)
V  [jvm.dll+0x195684]  (no source info available)
V  [jvm.dll+0x150a72]  (no source info available)
V  [jvm.dll+0x15022f]  (no source info available)
V  [jvm.dll+0x1504db]  (no source info available)
V  [jvm.dll+0x14f8a8]  (no source info available)
V  [jvm.dll+0x1516ed]  (no source info available)
V  [jvm.dll+0x253df1]  (no source info available)
V  [jvm.dll+0x2520aa]  (no source info available)
V  [jvm.dll+0x3ee226]  (no source info available)
V  [jvm.dll+0x8254cb]  (no source info available)
V  [jvm.dll+0x6df345]  (no source info available)
C  [ucrtbase.dll+0x29333]  (no source info available)
C  [KERNEL32.DLL+0x1259d]  (no source info available)
C  [ntdll.dll+0x5af38]  (no source info available)

Lock stack of current Java thread (top to bottom):


---------------  P R O C E S S  ---------------

Threads class SMR info:
_java_thread_list=0x000002ce9555a310, length=14, elements={
0x000002ce3809c5e0, 0x000002ce3822ee30, 0x000002ce3822f850, 0x000002ce38233180,
0x000002ce382338e0, 0x000002ce382367f0, 0x000002ce95086380, 0x000002ce95087a80,
0x000002ce9508a8f0, 0x000002ce951de990, 0x000002ce95345fa0, 0x000002ce9543e160,
0x000002ce95573040, 0x000002ce9555af70
}

Java Threads: ( => current thread )
  0x000002ce3809c5e0 JavaThread "main"                              [_thread_in_native, id=6200, stack(0x000000de62400000,0x000000de62500000) (1024K)]
  0x000002ce3822ee30 JavaThread "Reference Handler"          daemon [_thread_blocked, id=9712, stack(0x000000de62c00000,0x000000de62d00000) (1024K)]
  0x000002ce3822f850 JavaThread "Finalizer"                  daemon [_thread_blocked, id=14320, stack(0x000000de62d00000,0x000000de62e00000) (1024K)]
  0x000002ce38233180 JavaThread "Signal Dispatcher"          daemon [_thread_blocked, id=14664, stack(0x000000de62e00000,0x000000de62f00000) (1024K)]
  0x000002ce382338e0 JavaThread "Attach Listener"            daemon [_thread_blocked, id=10532, stack(0x000000de62f00000,0x000000de63000000) (1024K)]
  0x000002ce382367f0 JavaThread "Service Thread"             daemon [_thread_blocked, id=10728, stack(0x000000de63000000,0x000000de63100000) (1024K)]
  0x000002ce95086380 JavaThread "Monitor Deflation Thread"   daemon [_thread_blocked, id=12180, stack(0x000000de63100000,0x000000de63200000) (1024K)]
  0x000002ce95087a80 JavaThread "C2 CompilerThread0"         daemon [_thread_blocked, id=14400, stack(0x000000de63200000,0x000000de63300000) (1024K)]
=>0x000002ce9508a8f0 JavaThread "C1 CompilerThread0"         daemon [_thread_in_native, id=14636, stack(0x000000de63300000,0x000000de63400000) (1024K)]
  0x000002ce951de990 JavaThread "Common-Cleaner"             daemon [_thread_blocked, id=14016, stack(0x000000de63400000,0x000000de63500000) (1024K)]
  0x000002ce95345fa0 JavaThread "JDWP Transport Listener: dt_socket" daemon [_thread_blocked, id=15224, stack(0x000000de63500000,0x000000de63600000) (1024K)]
  0x000002ce9543e160 JavaThread "JDWP Event Helper Thread"   daemon [_thread_blocked, id=11720, stack(0x000000de63600000,0x000000de63700000) (1024K)]
  0x000002ce95573040 JavaThread "JDWP Command Reader"        daemon [_thread_in_native, id=12568, stack(0x000000de63700000,0x000000de63800000) (1024K)]
  0x000002ce9555af70 JavaThread "Notification Thread"        daemon [_thread_blocked, id=18052, stack(0x000000de63800000,0x000000de63900000) (1024K)]
Total: 14

Other Threads:
  0x000002ce38214480 VMThread "VM Thread"                           [id=4748, stack(0x000000de62b00000,0x000000de62c00000) (1024K)]
  0x000002ce38203c00 WatcherThread "VM Periodic Task Thread"        [id=13040, stack(0x000000de62a00000,0x000000de62b00000) (1024K)]
  0x000002ce380e0d40 WorkerThread "GC Thread#0"                     [id=16584, stack(0x000000de62500000,0x000000de62600000) (1024K)]
  0x000002ce380f7ab0 ConcurrentGCThread "G1 Main Marker"            [id=13388, stack(0x000000de62600000,0x000000de62700000) (1024K)]
  0x000002ce380f9130 WorkerThread "G1 Conc#0"                       [id=2832, stack(0x000000de62700000,0x000000de62800000) (1024K)]
  0x000002ce38150450 ConcurrentGCThread "G1 Refine#0"               [id=17624, stack(0x000000de62800000,0x000000de62900000) (1024K)]
  0x000002ce38154b00 ConcurrentGCThread "G1 Service"                [id=13292, stack(0x000000de62900000,0x000000de62a00000) (1024K)]
Total: 7

Threads with active compile tasks:
C1 CompilerThread0  1331  666       3       sun.security.provider.MD5::implCompress0 (1407 bytes)
Total: 1

VM state: not at safepoint (normal execution)

VM Mutex/Monitor currently owned by a thread: None

Heap address: 0x00000000c3200000, size: 974 MB, Compressed Oops mode: 32-bit

CDS archive(s) mapped at: [0x000002ce54000000-0x000002ce54d70000-0x000002ce54d70000), size 14090240, SharedBaseAddress: 0x000002ce54000000, ArchiveRelocationMode: 1.
Compressed class space mapped at: 0x000002ce55000000-0x000002ce95000000, reserved size: 1073741824
Narrow klass base: 0x000002ce54000000, Narrow klass shift: 0, Narrow klass range: 0x41000000

GC Precious Log:
 CardTable entry size: 512
 Card Set container configuration: InlinePtr #cards 5 size 8 Array Of Cards #cards 10 size 36 Howl #buckets 4 coarsen threshold 1843 Howl Bitmap #cards 512 size 80 coarsen threshold 460 Card regions per heap region 1 cards per card region 2048
 CPUs: 4 total, 4 available
 Memory: 3891M
 Large Page Support: Disabled
 NUMA Support: Disabled
 Compressed Oops: Enabled (32-bit)
 Heap Region Size: 1M
 Heap Min Capacity: 8M
 Heap Initial Capacity: 62M
 Heap Max Capacity: 974M
 Pre-touch: Disabled
 Parallel Workers: 4
 Concurrent Workers: 1
 Concurrent Refinement Workers: 4
 Periodic GC: Disabled

Heap:
 garbage-first heap   total reserved 997376K, committed 63488K, used 10240K [0x00000000c3200000, 0x0000000100000000)
  region size 1024K, 12 young (12288K), 0 survivors (0K)
 Metaspace       used 2992K, committed 3136K, reserved 1114112K
  class space    used 308K, committed 384K, reserved 1048576K

Heap Regions: E=young(eden), S=young(survivor), O=old, HS=humongous(starts), HC=humongous(continues), CS=collection set, F=free, TAMS=top-at-mark-start, PB=parsable bottom
|   0|0x00000000c3200000, 0x00000000c3200000, 0x00000000c3300000|  0%| F|  |TAMS 0x00000000c3200000| PB 0x00000000c3200000| Untracked |  0
|   1|0x00000000c3300000, 0x00000000c3300000, 0x00000000c3400000|  0%| F|  |TAMS 0x00000000c3300000| PB 0x00000000c3300000| Untracked |  0
|   2|0x00000000c3400000, 0x00000000c3400000, 0x00000000c3500000|  0%| F|  |TAMS 0x00000000c3400000| PB 0x00000000c3400000| Untracked |  0
|   3|0x00000000c3500000, 0x00000000c3500000, 0x00000000c3600000|  0%| F|  |TAMS 0x00000000c3500000| PB 0x00000000c3500000| Untracked |  0
|   4|0x00000000c3600000, 0x00000000c3600000, 0x00000000c3700000|  0%| F|  |TAMS 0x00000000c3600000| PB 0x00000000c3600000| Untracked |  0
|   5|0x00000000c3700000, 0x00000000c3700000, 0x00000000c3800000|  0%| F|  |TAMS 0x00000000c3700000| PB 0x00000000c3700000| Untracked |  0
|   6|0x00000000c3800000, 0x00000000c3800000, 0x00000000c3900000|  0%| F|  |TAMS 0x00000000c3800000| PB 0x00000000c3800000| Untracked |  0
|   7|0x00000000c3900000, 0x00000000c3900000, 0x00000000c3a00000|  0%| F|  |TAMS 0x00000000c3900000| PB 0x00000000c3900000| Untracked |  0
|   8|0x00000000c3a00000, 0x00000000c3a00000, 0x00000000c3b00000|  0%| F|  |TAMS 0x00000000c3a00000| PB 0x00000000c3a00000| Untracked |  0
|   9|0x00000000c3b00000, 0x00000000c3b00000, 0x00000000c3c00000|  0%| F|  |TAMS 0x00000000c3b00000| PB 0x00000000c3b00000| Untracked |  0
|  10|0x00000000c3c00000, 0x00000000c3c00000, 0x00000000c3d00000|  0%| F|  |TAMS 0x00000000c3c00000| PB 0x00000000c3c00000| Untracked |  0
|  11|0x00000000c3d00000, 0x00000000c3d00000, 0x00000000c3e00000|  0%| F|  |TAMS 0x00000000c3d00000| PB 0x00000000c3d00000| Untracked |  0
|  12|0x00000000c3e00000, 0x00000000c3e00000, 0x00000000c3f00000|  0%| F|  |TAMS 0x00000000c3e00000| PB 0x00000000c3e00000| Untracked |  0
|  13|0x00000000c3f00000, 0x00000000c3f00000, 0x00000000c4000000|  0%| F|  |TAMS 0x00000000c3f00000| PB 0x00000000c3f00000| Untracked |  0
|  14|0x00000000c4000000, 0x00000000c4000000, 0x00000000c4100000|  0%| F|  |TAMS 0x00000000c4000000| PB 0x00000000c4000000| Untracked |  0
|  15|0x00000000c4100000, 0x00000000c4100000, 0x00000000c4200000|  0%| F|  |TAMS 0x00000000c4100000| PB 0x00000000c4100000| Untracked |  0
|  16|0x00000000c4200000, 0x00000000c4200000, 0x00000000c4300000|  0%| F|  |TAMS 0x00000000c4200000| PB 0x00000000c4200000| Untracked |  0
|  17|0x00000000c4300000, 0x00000000c4300000, 0x00000000c4400000|  0%| F|  |TAMS 0x00000000c4300000| PB 0x00000000c4300000| Untracked |  0
|  18|0x00000000c4400000, 0x00000000c4400000, 0x00000000c4500000|  0%| F|  |TAMS 0x00000000c4400000| PB 0x00000000c4400000| Untracked |  0
|  19|0x00000000c4500000, 0x00000000c4500000, 0x00000000c4600000|  0%| F|  |TAMS 0x00000000c4500000| PB 0x00000000c4500000| Untracked |  0
|  20|0x00000000c4600000, 0x00000000c4600000, 0x00000000c4700000|  0%| F|  |TAMS 0x00000000c4600000| PB 0x00000000c4600000| Untracked |  0
|  21|0x00000000c4700000, 0x00000000c4700000, 0x00000000c4800000|  0%| F|  |TAMS 0x00000000c4700000| PB 0x00000000c4700000| Untracked |  0
|  22|0x00000000c4800000, 0x00000000c4800000, 0x00000000c4900000|  0%| F|  |TAMS 0x00000000c4800000| PB 0x00000000c4800000| Untracked |  0
|  23|0x00000000c4900000, 0x00000000c4900000, 0x00000000c4a00000|  0%| F|  |TAMS 0x00000000c4900000| PB 0x00000000c4900000| Untracked |  0
|  24|0x00000000c4a00000, 0x00000000c4a00000, 0x00000000c4b00000|  0%| F|  |TAMS 0x00000000c4a00000| PB 0x00000000c4a00000| Untracked |  0
|  25|0x00000000c4b00000, 0x00000000c4b00000, 0x00000000c4c00000|  0%| F|  |TAMS 0x00000000c4b00000| PB 0x00000000c4b00000| Untracked |  0
|  26|0x00000000c4c00000, 0x00000000c4c00000, 0x00000000c4d00000|  0%| F|  |TAMS 0x00000000c4c00000| PB 0x00000000c4c00000| Untracked |  0
|  27|0x00000000c4d00000, 0x00000000c4d00000, 0x00000000c4e00000|  0%| F|  |TAMS 0x00000000c4d00000| PB 0x00000000c4d00000| Untracked |  0
|  28|0x00000000c4e00000, 0x00000000c4e00000, 0x00000000c4f00000|  0%| F|  |TAMS 0x00000000c4e00000| PB 0x00000000c4e00000| Untracked |  0
|  29|0x00000000c4f00000, 0x00000000c4f00000, 0x00000000c5000000|  0%| F|  |TAMS 0x00000000c4f00000| PB 0x00000000c4f00000| Untracked |  0
|  30|0x00000000c5000000, 0x00000000c5000000, 0x00000000c5100000|  0%| F|  |TAMS 0x00000000c5000000| PB 0x00000000c5000000| Untracked |  0
|  31|0x00000000c5100000, 0x00000000c5100000, 0x00000000c5200000|  0%| F|  |TAMS 0x00000000c5100000| PB 0x00000000c5100000| Untracked |  0
|  32|0x00000000c5200000, 0x00000000c5200000, 0x00000000c5300000|  0%| F|  |TAMS 0x00000000c5200000| PB 0x00000000c5200000| Untracked |  0
|  33|0x00000000c5300000, 0x00000000c5300000, 0x00000000c5400000|  0%| F|  |TAMS 0x00000000c5300000| PB 0x00000000c5300000| Untracked |  0
|  34|0x00000000c5400000, 0x00000000c5400000, 0x00000000c5500000|  0%| F|  |TAMS 0x00000000c5400000| PB 0x00000000c5400000| Untracked |  0
|  35|0x00000000c5500000, 0x00000000c5500000, 0x00000000c5600000|  0%| F|  |TAMS 0x00000000c5500000| PB 0x00000000c5500000| Untracked |  0
|  36|0x00000000c5600000, 0x00000000c5600000, 0x00000000c5700000|  0%| F|  |TAMS 0x00000000c5600000| PB 0x00000000c5600000| Untracked |  0
|  37|0x00000000c5700000, 0x00000000c5700000, 0x00000000c5800000|  0%| F|  |TAMS 0x00000000c5700000| PB 0x00000000c5700000| Untracked |  0
|  38|0x00000000c5800000, 0x00000000c5800000, 0x00000000c5900000|  0%| F|  |TAMS 0x00000000c5800000| PB 0x00000000c5800000| Untracked |  0
|  39|0x00000000c5900000, 0x00000000c5900000, 0x00000000c5a00000|  0%| F|  |TAMS 0x00000000c5900000| PB 0x00000000c5900000| Untracked |  0
|  40|0x00000000c5a00000, 0x00000000c5a00000, 0x00000000c5b00000|  0%| F|  |TAMS 0x00000000c5a00000| PB 0x00000000c5a00000| Untracked |  0
|  41|0x00000000c5b00000, 0x00000000c5b00000, 0x00000000c5c00000|  0%| F|  |TAMS 0x00000000c5b00000| PB 0x00000000c5b00000| Untracked |  0
|  42|0x00000000c5c00000, 0x00000000c5c00000, 0x00000000c5d00000|  0%| F|  |TAMS 0x00000000c5c00000| PB 0x00000000c5c00000| Untracked |  0
|  43|0x00000000c5d00000, 0x00000000c5d00000, 0x00000000c5e00000|  0%| F|  |TAMS 0x00000000c5d00000| PB 0x00000000c5d00000| Untracked |  0
|  44|0x00000000c5e00000, 0x00000000c5e00000, 0x00000000c5f00000|  0%| F|  |TAMS 0x00000000c5e00000| PB 0x00000000c5e00000| Untracked |  0
|  45|0x00000000c5f00000, 0x00000000c5f00000, 0x00000000c6000000|  0%| F|  |TAMS 0x00000000c5f00000| PB 0x00000000c5f00000| Untracked |  0
|  46|0x00000000c6000000, 0x00000000c6000000, 0x00000000c6100000|  0%| F|  |TAMS 0x00000000c6000000| PB 0x00000000c6000000| Untracked |  0
|  47|0x00000000c6100000, 0x00000000c6100000, 0x00000000c6200000|  0%| F|  |TAMS 0x00000000c6100000| PB 0x00000000c6100000| Untracked |  0
|  48|0x00000000c6200000, 0x00000000c6200000, 0x00000000c6300000|  0%| F|  |TAMS 0x00000000c6200000| PB 0x00000000c6200000| Untracked |  0
|  49|0x00000000c6300000, 0x00000000c6300000, 0x00000000c6400000|  0%| F|  |TAMS 0x00000000c6300000| PB 0x00000000c6300000| Untracked |  0
|  50|0x00000000c6400000, 0x00000000c6498540, 0x00000000c6500000| 59%| E|  |TAMS 0x00000000c6400000| PB 0x00000000c6400000| Complete |  0
|  51|0x00000000c6500000, 0x00000000c6600000, 0x00000000c6600000|100%| E|CS|TAMS 0x00000000c6500000| PB 0x00000000c6500000| Complete |  0
|  52|0x00000000c6600000, 0x00000000c6700000, 0x00000000c6700000|100%| E|CS|TAMS 0x00000000c6600000| PB 0x00000000c6600000| Complete |  0
|  53|0x00000000c6700000, 0x00000000c6800000, 0x00000000c6800000|100%| E|CS|TAMS 0x00000000c6700000| PB 0x00000000c6700000| Complete |  0
|  54|0x00000000c6800000, 0x00000000c6900000, 0x00000000c6900000|100%| E|CS|TAMS 0x00000000c6800000| PB 0x00000000c6800000| Complete |  0
|  55|0x00000000c6900000, 0x00000000c6a00000, 0x00000000c6a00000|100%| E|CS|TAMS 0x00000000c6900000| PB 0x00000000c6900000| Complete |  0
|  56|0x00000000c6a00000, 0x00000000c6b00000, 0x00000000c6b00000|100%| E|CS|TAMS 0x00000000c6a00000| PB 0x00000000c6a00000| Complete |  0
|  57|0x00000000c6b00000, 0x00000000c6c00000, 0x00000000c6c00000|100%| E|CS|TAMS 0x00000000c6b00000| PB 0x00000000c6b00000| Complete |  0
|  58|0x00000000c6c00000, 0x00000000c6d00000, 0x00000000c6d00000|100%| E|CS|TAMS 0x00000000c6c00000| PB 0x00000000c6c00000| Complete |  0
|  59|0x00000000c6d00000, 0x00000000c6e00000, 0x00000000c6e00000|100%| E|CS|TAMS 0x00000000c6d00000| PB 0x00000000c6d00000| Complete |  0
|  60|0x00000000c6e00000, 0x00000000c6f00000, 0x00000000c6f00000|100%| E|  |TAMS 0x00000000c6e00000| PB 0x00000000c6e00000| Complete |  0
|  61|0x00000000c6f00000, 0x00000000c7000000, 0x00000000c7000000|100%| E|CS|TAMS 0x00000000c6f00000| PB 0x00000000c6f00000| Complete |  0

Card table byte_map: [0x000002ce50a50000,0x000002ce50c40000] _byte_map_base: 0x000002ce50437000

Marking Bits: (CMBitMap*) 0x000002ce380e1260
 Bits: [0x000002ce50c40000, 0x000002ce51b78000)

Polling page: 0x000002ce36540000

Metaspace:

Usage:
  Non-class:      2.62 MB used.
      Class:    308.44 KB used.
       Both:      2.92 MB used.

Virtual space:
  Non-class space:       64.00 MB reserved,       2.69 MB (  4%) committed,  1 nodes.
      Class space:        1.00 GB reserved,     384.00 KB ( <1%) committed,  1 nodes.
             Both:        1.06 GB reserved,       3.06 MB ( <1%) committed. 

Chunk freelists:
   Non-Class:  11.57 MB
       Class:  15.65 MB
        Both:  27.22 MB

MaxMetaspaceSize: unlimited
CompressedClassSpaceSize: 1.00 GB
Initial GC threshold: 21.00 MB
Current GC threshold: 21.00 MB
CDS: on
 - commit_granule_bytes: 65536.
 - commit_granule_words: 8192.
 - virtual_space_node_default_size: 8388608.
 - enlarge_chunks_in_place: 1.
 - use_allocation_guard: 0.


Internal statistics:

num_allocs_failed_limit: 0.
num_arena_births: 94.
num_arena_deaths: 0.
num_vsnodes_births: 2.
num_vsnodes_deaths: 0.
num_space_committed: 49.
num_space_uncommitted: 0.
num_chunks_returned_to_freelist: 0.
num_chunks_taken_from_freelist: 127.
num_chunk_merges: 0.
num_chunk_splits: 86.
num_chunks_enlarged: 45.
num_inconsistent_stats: 0.

CodeHeap 'non-profiled nmethods': size=120064Kb used=217Kb max_used=217Kb free=119846Kb
 bounds [0x000002ce48ee0000, 0x000002ce49150000, 0x000002ce50420000]
CodeHeap 'profiled nmethods': size=120000Kb used=726Kb max_used=726Kb free=119273Kb
 bounds [0x000002ce41420000, 0x000002ce41690000, 0x000002ce48950000]
CodeHeap 'non-nmethods': size=5696Kb used=1494Kb max_used=1509Kb free=4201Kb
 bounds [0x000002ce48950000, 0x000002ce48bc0000, 0x000002ce48ee0000]
CodeCache: size=245760Kb, used=2437Kb, max_used=2452Kb, free=243320Kb
 total_blobs=1117, nmethods=671, adapters=352, full_count=0
Compilation: enabled, stopped_count=0, restarted_count=0

Compilation events (20 events):
Event: 1.203 Thread 0x000002ce9508a8f0  656       3       sun.security.provider.MD5::GG (27 bytes)
Event: 1.203 Thread 0x000002ce95087a80  659       4       jdk.internal.util.Preconditions::checkFromIndexSize (25 bytes)
Event: 1.204 Thread 0x000002ce9508a8f0 nmethod 656 0x000002ce414d3488 code [0x000002ce414d35a0, 0x000002ce414d3720]
Event: 1.204 Thread 0x000002ce9508a8f0  657       3       sun.security.provider.MD5::HH (23 bytes)
Event: 1.204 Thread 0x000002ce9508a8f0 nmethod 657 0x000002ce414d3788 code [0x000002ce414d38a0, 0x000002ce414d3a18]
Event: 1.204 Thread 0x000002ce9508a8f0  658       3       sun.security.provider.MD5::II (25 bytes)
Event: 1.204 Thread 0x000002ce9508a8f0 nmethod 658 0x000002ce414d3a88 code [0x000002ce414d3ba0, 0x000002ce414d3d18]
Event: 1.204 Thread 0x000002ce9508a8f0  653       3       jdk.internal.misc.Unsafe::convEndian (16 bytes)
Event: 1.204 Thread 0x000002ce95087a80 nmethod 659 0x000002ce48f14088 code [0x000002ce48f14180, 0x000002ce48f14250]
Event: 1.204 Thread 0x000002ce9508a8f0 nmethod 653 0x000002ce414d3d88 code [0x000002ce414d3ea0, 0x000002ce414d4058]
Event: 1.204 Thread 0x000002ce9508a8f0  654       3       sun.security.provider.MD5::FF (27 bytes)
Event: 1.204 Thread 0x000002ce9508a8f0 nmethod 654 0x000002ce414d4088 code [0x000002ce414d41a0, 0x000002ce414d4320]
Event: 1.204 Thread 0x000002ce9508a8f0  660       3       sun.security.provider.MD5::implCompress (13 bytes)
Event: 1.205 Thread 0x000002ce95087a80  662       4       java.lang.invoke.VarHandleGuards::guard_LI_I (78 bytes)
Event: 1.205 Thread 0x000002ce9508a8f0 nmethod 660 0x000002ce414d4388 code [0x000002ce414d4500, 0x000002ce414d4958]
Event: 1.205 Thread 0x000002ce9508a8f0  661       3       sun.security.provider.MD5::implCompressCheck (18 bytes)
Event: 1.205 Thread 0x000002ce9508a8f0 nmethod 661 0x000002ce414d4988 code [0x000002ce414d4ae0, 0x000002ce414d4e88]
Event: 1.206 Thread 0x000002ce9508a8f0  664   !   3       java.util.WeakHashMap::expungeStaleEntries (139 bytes)
Event: 1.206 Thread 0x000002ce9508a8f0 nmethod 664 0x000002ce414d4f08 code [0x000002ce414d5080, 0x000002ce414d5960]
Event: 1.206 Thread 0x000002ce9508a8f0  666       3       sun.security.provider.MD5::implCompress0 (1407 bytes)

GC Heap History (0 events):
No events

Dll operation events (8 events):
Event: 0.500 Loaded shared library C:\Users\ADMIN\.jdks\openjdk-23.0.2\bin\java.dll
Event: 0.501 Loaded shared library C:\Users\ADMIN\.jdks\openjdk-23.0.2\bin\zip.dll
Event: 0.544 Loaded shared library C:\Users\ADMIN\.jdks\openjdk-23.0.2\bin\jsvml.dll
Event: 0.583 Loaded shared library C:\Users\ADMIN\.jdks\openjdk-23.0.2\bin\net.dll
Event: 0.586 Loaded shared library C:\Users\ADMIN\.jdks\openjdk-23.0.2\bin\nio.dll
Event: 0.641 Loaded shared library C:\Users\ADMIN\.jdks\openjdk-23.0.2\bin\zip.dll
Event: 0.793 Loaded shared library C:\Users\ADMIN\.jdks\openjdk-23.0.2\bin\instrument.dll
Event: 1.210 Loaded shared library C:\Users\ADMIN\.openjfx\cache\17.0.6\api-ms-win-core-console-l1-1-0.dll

Deoptimization events (20 events):
Event: 0.728 Thread 0x000002ce3809c5e0 Uncommon trap: trap_request=0xffffff45 fr.pc=0x000002ce48ef4e74 relative=0x00000000000006f4
Event: 0.728 Thread 0x000002ce3809c5e0 Uncommon trap: reason=unstable_if action=reinterpret pc=0x000002ce48ef4e74 method=java.util.ImmutableCollections$SetN.probe(Ljava/lang/Object;)I @ 34 c2
Event: 0.728 Thread 0x000002ce3809c5e0 DEOPT PACKING pc=0x000002ce48ef4e74 sp=0x000000de624febe0
Event: 0.728 Thread 0x000002ce3809c5e0 DEOPT UNPACKING pc=0x000002ce489a7982 sp=0x000000de624feb90 mode 2
Event: 0.853 Thread 0x000002ce3809c5e0 Uncommon trap: trap_request=0xffffff45 fr.pc=0x000002ce48eecc60 relative=0x0000000000000060
Event: 0.853 Thread 0x000002ce3809c5e0 Uncommon trap: reason=unstable_if action=reinterpret pc=0x000002ce48eecc60 method=java.lang.String.isLatin1()Z @ 10 c2
Event: 0.853 Thread 0x000002ce3809c5e0 DEOPT PACKING pc=0x000002ce48eecc60 sp=0x000000de624fe520
Event: 0.853 Thread 0x000002ce3809c5e0 DEOPT UNPACKING pc=0x000002ce489a7982 sp=0x000000de624fe4c0 mode 2
Event: 0.854 Thread 0x000002ce3809c5e0 Uncommon trap: trap_request=0xffffff45 fr.pc=0x000002ce48ee8de4 relative=0x00000000000000c4
Event: 0.854 Thread 0x000002ce3809c5e0 Uncommon trap: reason=unstable_if action=reinterpret pc=0x000002ce48ee8de4 method=java.lang.String.isLatin1()Z @ 10 c2
Event: 0.854 Thread 0x000002ce3809c5e0 DEOPT PACKING pc=0x000002ce48ee8de4 sp=0x000000de624fee90
Event: 0.854 Thread 0x000002ce3809c5e0 DEOPT UNPACKING pc=0x000002ce489a7982 sp=0x000000de624fede0 mode 2
Event: 1.151 Thread 0x000002ce3809c5e0 Uncommon trap: trap_request=0xffffff45 fr.pc=0x000002ce48ef2160 relative=0x00000000000006e0
Event: 1.151 Thread 0x000002ce3809c5e0 Uncommon trap: reason=unstable_if action=reinterpret pc=0x000002ce48ef2160 method=jdk.internal.module.Checks.isJavaIdentifier(Ljava/lang/String;)Z @ 4 c2
Event: 1.152 Thread 0x000002ce3809c5e0 DEOPT PACKING pc=0x000002ce48ef2160 sp=0x000000de624fe7e0
Event: 1.152 Thread 0x000002ce3809c5e0 DEOPT UNPACKING pc=0x000002ce489a7982 sp=0x000000de624fe790 mode 2
Event: 1.197 Thread 0x000002ce3809c5e0 Uncommon trap: trap_request=0xffffff45 fr.pc=0x000002ce48ef94e8 relative=0x0000000000001268
Event: 1.197 Thread 0x000002ce3809c5e0 Uncommon trap: reason=unstable_if action=reinterpret pc=0x000002ce48ef94e8 method=java.util.HashMap.putVal(ILjava/lang/Object;Ljava/lang/Object;ZZ)Ljava/lang/Object; @ 193 c2
Event: 1.197 Thread 0x000002ce3809c5e0 DEOPT PACKING pc=0x000002ce48ef94e8 sp=0x000000de624fe410
Event: 1.197 Thread 0x000002ce3809c5e0 DEOPT UNPACKING pc=0x000002ce489a7982 sp=0x000000de624fe3f0 mode 2

Classes loaded (20 events):
Event: 1.199 Loading class jdk/internal/event/SecurityProviderServiceEvent
Event: 1.200 Loading class jdk/internal/event/Event
Event: 1.200 Loading class jdk/internal/event/Event done
Event: 1.200 Loading class jdk/internal/event/SecurityProviderServiceEvent done
Event: 1.200 Loading class sun/security/provider/MD5
Event: 1.200 Loading class sun/security/provider/DigestBase
Event: 1.200 Loading class sun/security/provider/DigestBase done
Event: 1.200 Loading class sun/security/provider/MD5 done
Event: 1.201 Loading class sun/security/jca/GetInstance$Instance
Event: 1.201 Loading class sun/security/jca/GetInstance$Instance done
Event: 1.201 Loading class java/security/MessageDigest$Delegate
Event: 1.201 Loading class sun/security/util/MessageDigestSpi2
Event: 1.201 Loading class sun/security/util/MessageDigestSpi2 done
Event: 1.201 Loading class java/security/MessageDigest$Delegate done
Event: 1.201 Loading class java/security/MessageDigest$Delegate$CloneableDelegate
Event: 1.201 Loading class java/security/MessageDigest$Delegate$CloneableDelegate done
Event: 1.202 Loading class sun/security/provider/ByteArrayAccess$LE
Event: 1.202 Loading class sun/security/provider/ByteArrayAccess$LE done
Event: 1.205 Loading class sun/security/provider/ByteArrayAccess
Event: 1.205 Loading class sun/security/provider/ByteArrayAccess done

Classes unloaded (0 events):
No events

Classes redefined (1 events):
Event: 0.842 Thread 0x000002ce38214480 redefined class name=java.lang.Throwable, count=1

Internal exceptions (6 events):
Event: 0.602 Thread 0x000002ce3809c5e0 Exception <a 'java/lang/NoSuchMethodError'{0x00000000c6e91bc0}: 'void java.lang.invoke.DirectMethodHandle$Holder.invokeVirtual(java.lang.Object, java.lang.Object)'> (0x00000000c6e91bc0) 
thrown [s\open\src\hotspot\share\interpreter\linkResolver.cpp, line 796]
Event: 0.605 Thread 0x000002ce3809c5e0 Exception <a 'java/lang/NoSuchMethodError'{0x00000000c6e9d370}: 'java.lang.Object java.lang.invoke.DirectMethodHandle$Holder.invokeInterface(java.lang.Object, java.lang.Object, java.lang.Object)'> (0x00000000c6e9d370) 
thrown [s\open\src\hotspot\share\interpreter\linkResolver.cpp, line 796]
Event: 0.804 Thread 0x000002ce3809c5e0 Exception <a 'java/lang/NoSuchMethodError'{0x00000000c69a4ee0}: 'java.lang.Object java.lang.invoke.Invokers$Holder.invokeExact_MT(java.lang.Object, java.lang.Object, java.lang.Object, java.lang.Object, java.lang.Object)'> (0x00000000c69a4ee0) 
thrown [s\open\src\hotspot\share\interpreter\linkResolver.cpp, line 796]
Event: 0.884 Thread 0x000002ce3809c5e0 Exception <a 'java/lang/NoSuchMethodError'{0x00000000c6703f98}: 'void java.lang.invoke.DirectMethodHandle$Holder.invokeStatic(java.lang.Object, java.lang.Object, java.lang.Object, java.lang.Object)'> (0x00000000c6703f98) 
thrown [s\open\src\hotspot\share\interpreter\linkResolver.cpp, line 796]
Event: 0.885 Thread 0x000002ce3809c5e0 Exception <a 'java/lang/NoSuchMethodError'{0x00000000c670d6f8}: 'void java.lang.invoke.DirectMethodHandle$Holder.invokeSpecial(java.lang.Object, java.lang.Object, java.lang.Object, java.lang.Object, java.lang.Object)'> (0x00000000c670d6f8) 
thrown [s\open\src\hotspot\share\interpreter\linkResolver.cpp, line 796]
Event: 0.901 Thread 0x000002ce3809c5e0 Exception <a 'java/lang/NoSuchMethodError'{0x00000000c673d9e0}: 'void java.lang.invoke.DirectMethodHandle$Holder.invokeStatic(java.lang.Object, java.lang.Object)'> (0x00000000c673d9e0) 
thrown [s\open\src\hotspot\share\interpreter\linkResolver.cpp, line 796]

VM Operations (14 events):
Event: 0.722 Executing VM operation: HandshakeAllThreads (Deoptimize)
Event: 0.722 Executing VM operation: HandshakeAllThreads (Deoptimize) done
Event: 0.722 Executing VM operation: HandshakeAllThreads (Deoptimize)
Event: 0.722 Executing VM operation: HandshakeAllThreads (Deoptimize) done
Event: 0.789 Executing VM operation: ChangeBreakpoints
Event: 0.789 Executing VM operation: ChangeBreakpoints done
Event: 0.790 Executing VM operation: ChangeBreakpoints
Event: 0.790 Executing VM operation: ChangeBreakpoints done
Event: 0.842 Executing VM operation: RedefineClasses
Event: 0.844 Executing VM operation: RedefineClasses done
Event: 0.846 Executing VM operation: get/set locals
Event: 0.846 Executing VM operation: get/set locals done
Event: 1.156 Executing VM operation: HandshakeAllThreads (Deoptimize)
Event: 1.156 Executing VM operation: HandshakeAllThreads (Deoptimize) done

Memory protections (0 events):
No events

Nmethod flushes (0 events):
No events

Events (14 events):
Event: 0.525 Thread 0x000002ce3809c5e0 Thread added: 0x000002ce3809c5e0
Event: 0.541 Thread 0x000002ce3809c5e0 Thread added: 0x000002ce3822ee30
Event: 0.541 Thread 0x000002ce3809c5e0 Thread added: 0x000002ce3822f850
Event: 0.541 Thread 0x000002ce3809c5e0 Thread added: 0x000002ce38233180
Event: 0.542 Thread 0x000002ce3809c5e0 Thread added: 0x000002ce382338e0
Event: 0.542 Thread 0x000002ce3809c5e0 Thread added: 0x000002ce382367f0
Event: 0.542 Thread 0x000002ce3809c5e0 Thread added: 0x000002ce95086380
Event: 0.542 Thread 0x000002ce3809c5e0 Thread added: 0x000002ce95087a80
Event: 0.542 Thread 0x000002ce3809c5e0 Thread added: 0x000002ce9508a8f0
Event: 0.577 Thread 0x000002ce3809c5e0 Thread added: 0x000002ce951de990
Event: 0.749 Thread 0x000002ce3809c5e0 Thread added: 0x000002ce95345fa0
Event: 0.749 Thread 0x000002ce3809c5e0 Thread added: 0x000002ce9543e160
Event: 0.753 Thread 0x000002ce95345fa0 Thread added: 0x000002ce95573040
Event: 0.850 Thread 0x000002ce3809c5e0 Thread added: 0x000002ce9555af70


Dynamic libraries:
0x00007ff7c1b80000 - 0x00007ff7c1b8e000 	C:\Users\ADMIN\.jdks\openjdk-23.0.2\bin\java.exe
0x00007ffd227f0000 - 0x00007ffd22a07000 	C:\WINDOWS\SYSTEM32\ntdll.dll
0x00007ffcebeb0000 - 0x00007ffcebeca000 	C:\Program Files\Avast Software\Avast\aswhook.dll
0x00007ffd204c0000 - 0x00007ffd20584000 	C:\WINDOWS\System32\KERNEL32.DLL
0x00007ffd1fcd0000 - 0x00007ffd200a1000 	C:\WINDOWS\System32\KERNELBASE.dll
0x00007ffd1fbb0000 - 0x00007ffd1fcc1000 	C:\WINDOWS\System32\ucrtbase.dll
0x00007ffd104b0000 - 0x00007ffd104cb000 	C:\Users\ADMIN\.jdks\openjdk-23.0.2\bin\VCRUNTIME140.dll
0x00007ffd10cd0000 - 0x00007ffd10ce7000 	C:\Users\ADMIN\.jdks\openjdk-23.0.2\bin\jli.dll
0x00007ffd20740000 - 0x00007ffd208f1000 	C:\WINDOWS\System32\USER32.dll
0x00007ffd0d100000 - 0x00007ffd0d392000 	C:\WINDOWS\WinSxS\amd64_microsoft.windows.common-controls_6595b64144ccf1df_6.0.22621.4830_none_270fe7d773858e80\COMCTL32.dll
0x00007ffd21440000 - 0x00007ffd214e7000 	C:\WINDOWS\System32\msvcrt.dll
0x00007ffd223b0000 - 0x00007ffd223d9000 	C:\WINDOWS\System32\GDI32.dll
0x00007ffd20130000 - 0x00007ffd2024b000 	C:\WINDOWS\System32\gdi32full.dll
0x00007ffd203c0000 - 0x00007ffd2045a000 	C:\WINDOWS\System32\msvcp_win.dll
0x00007ffd20490000 - 0x00007ffd204b6000 	C:\WINDOWS\System32\win32u.dll
0x00007ffd22690000 - 0x00007ffd226c1000 	C:\WINDOWS\System32\IMM32.DLL
0x00007ffd1b8f0000 - 0x00007ffd1b8fc000 	C:\Users\ADMIN\.jdks\openjdk-23.0.2\bin\vcruntime140_1.dll
0x00007ffd10070000 - 0x00007ffd100fe000 	C:\Users\ADMIN\.jdks\openjdk-23.0.2\bin\msvcp140.dll
0x00007ffcc37a0000 - 0x00007ffcc44f0000 	C:\Users\ADMIN\.jdks\openjdk-23.0.2\bin\server\jvm.dll
0x00007ffd226d0000 - 0x00007ffd22781000 	C:\WINDOWS\System32\ADVAPI32.dll
0x00007ffd225e0000 - 0x00007ffd22687000 	C:\WINDOWS\System32\sechost.dll
0x00007ffd20460000 - 0x00007ffd20488000 	C:\WINDOWS\System32\bcrypt.dll
0x00007ffd20620000 - 0x00007ffd20734000 	C:\WINDOWS\System32\RPCRT4.dll
0x00007ffd21630000 - 0x00007ffd216a1000 	C:\WINDOWS\System32\WS2_32.dll
0x00007ffd1f810000 - 0x00007ffd1f85d000 	C:\WINDOWS\SYSTEM32\POWRPROF.dll
0x00007ffd187c0000 - 0x00007ffd187f4000 	C:\WINDOWS\SYSTEM32\WINMM.dll
0x00007ffd145f0000 - 0x00007ffd145fa000 	C:\WINDOWS\SYSTEM32\VERSION.dll
0x00007ffd1f7e0000 - 0x00007ffd1f7f3000 	C:\WINDOWS\SYSTEM32\UMPDC.dll
0x00007ffd1e980000 - 0x00007ffd1e998000 	C:\WINDOWS\SYSTEM32\kernel.appcore.dll
0x00007ffd19ab0000 - 0x00007ffd19aba000 	C:\Users\ADMIN\.jdks\openjdk-23.0.2\bin\jimage.dll
0x00007ffd1d3a0000 - 0x00007ffd1d5d2000 	C:\WINDOWS\SYSTEM32\DBGHELP.DLL
0x00007ffd20a80000 - 0x00007ffd20e10000 	C:\WINDOWS\System32\combase.dll
0x00007ffd21550000 - 0x00007ffd21627000 	C:\WINDOWS\System32\OLEAUT32.dll
0x00007ffd107c0000 - 0x00007ffd107f2000 	C:\WINDOWS\SYSTEM32\dbgcore.DLL
0x00007ffd1fb30000 - 0x00007ffd1fbab000 	C:\WINDOWS\System32\bcryptPrimitives.dll
0x00007ffd0fd70000 - 0x00007ffd0fdac000 	C:\Users\ADMIN\.jdks\openjdk-23.0.2\bin\jdwp.dll
0x00007ffcd6290000 - 0x00007ffcd649e000 	C:\Users\ADMIN\AppData\Local\Temp\idea_libasyncProfiler_dll_temp_folder4988\libasyncProfiler.dll
0x00007ffd101b0000 - 0x00007ffd101bf000 	C:\Users\ADMIN\.jdks\openjdk-23.0.2\bin\instrument.dll
0x00007ffd10000000 - 0x00007ffd1001e000 	C:\Users\ADMIN\.jdks\openjdk-23.0.2\bin\java.dll
0x00007ffd20e10000 - 0x00007ffd20fb1000 	C:\WINDOWS\System32\ole32.dll
0x00007ffd21990000 - 0x00007ffd22218000 	C:\WINDOWS\System32\SHELL32.dll
0x00007ffd1f9f0000 - 0x00007ffd1fb2f000 	C:\WINDOWS\System32\wintypes.dll
0x00007ffd0fd30000 - 0x00007ffd0fd47000 	C:\Users\ADMIN\.jdks\openjdk-23.0.2\bin\zip.dll
0x00007ffd1d890000 - 0x00007ffd1e19d000 	C:\WINDOWS\SYSTEM32\windows.storage.dll
0x00007ffd22280000 - 0x00007ffd2238a000 	C:\WINDOWS\System32\SHCORE.dll
0x00007ffd214f0000 - 0x00007ffd2154e000 	C:\WINDOWS\System32\shlwapi.dll
0x00007ffd1f860000 - 0x00007ffd1f88b000 	C:\WINDOWS\SYSTEM32\profapi.dll
0x00007ffcd5350000 - 0x00007ffcd5427000 	C:\Users\ADMIN\.jdks\openjdk-23.0.2\bin\jsvml.dll
0x00007ffd0fff0000 - 0x00007ffd10000000 	C:\Users\ADMIN\.jdks\openjdk-23.0.2\bin\net.dll
0x00007ffd1edf0000 - 0x00007ffd1ee5a000 	C:\WINDOWS\system32\mswsock.dll
0x00007ffd0fd50000 - 0x00007ffd0fd66000 	C:\Users\ADMIN\.jdks\openjdk-23.0.2\bin\nio.dll
0x00007ffd0ff90000 - 0x00007ffd0ff9c000 	C:\Users\ADMIN\.jdks\openjdk-23.0.2\bin\dt_socket.dll
0x00007ffd1e400000 - 0x00007ffd1e42d000 	C:\WINDOWS\SYSTEM32\IPHLPAPI.DLL
0x000002ce38480000 - 0x000002ce38483000 	C:\Users\ADMIN\.openjfx\cache\17.0.6\api-ms-win-core-console-l1-1-0.dll
0x000002ce38490000 - 0x000002ce38493000 	C:\Users\ADMIN\.openjfx\cache\17.0.6\api-ms-win-core-console-l1-2-0.dll
0x000002ce384a0000 - 0x000002ce384a3000 	C:\Users\ADMIN\.openjfx\cache\17.0.6\api-ms-win-core-datetime-l1-1-0.dll
0x000002ce53fd0000 - 0x000002ce53fd3000 	C:\Users\ADMIN\.openjfx\cache\17.0.6\api-ms-win-core-debug-l1-1-0.dll
0x000002ce53fe0000 - 0x000002ce53fe3000 	C:\Users\ADMIN\.openjfx\cache\17.0.6\api-ms-win-core-errorhandling-l1-1-0.dll
0x000002ce53ff0000 - 0x000002ce53ff4000 	C:\Users\ADMIN\.openjfx\cache\17.0.6\api-ms-win-core-file-l1-1-0.dll

dbghelp: loaded successfully - version: 4.0.5 - missing functions: none
symbol engine: initialized successfully - sym options: 0x614 - pdb path: .;C:\Users\ADMIN\.jdks\openjdk-23.0.2\bin;C:\WINDOWS\SYSTEM32;C:\Program Files\Avast Software\Avast;C:\WINDOWS\WinSxS\amd64_microsoft.windows.common-controls_6595b64144ccf1df_6.0.22621.4830_none_270fe7d773858e80;C:\Users\ADMIN\.jdks\openjdk-23.0.2\bin\server;C:\Users\ADMIN\AppData\Local\Temp\idea_libasyncProfiler_dll_temp_folder4988;C:\Users\ADMIN\.openjfx\cache\17.0.6

VM Arguments:
jvm_args: -agentlib:jdwp=transport=dt_socket,address=127.0.0.1:55241,suspend=y,server=n -agentpath:C:\Users\ADMIN\AppData\Local\Temp\idea_libasyncProfiler_dll_temp_folder4988\libasyncProfiler.dll=version,jfr,event=wall,interval=10ms,cstack=no,file=C:\Users\ADMIN\IdeaSnapshots\Main_2025_04_04_155649.jfr,dbghelppath=C:\Users\ADMIN\AppData\Local\Temp\idea_dbghelp_dll_temp_folder7\dbghelp.dll,log=C:\Users\ADMIN\AppData\Local\Temp\Main_2025_04_04_155649.jfr.log.txt,logLevel=DEBUG -javaagent:C:\Users\ADMIN\AppData\Local\JetBrains\IntelliJIdea2024.3\captureAgent\debugger-agent.jar -Dkotlinx.coroutines.debug.enable.creation.stack.trace=false -Ddebugger.agent.enable.coroutines=true -Dkotlinx.coroutines.debug.enable.flows.stack.trace=true -Dkotlinx.coroutines.debug.enable.mutable.state.flows.stack.trace=true -Dfile.encoding=UTF-8 -Dsun.stdout.encoding=UTF-8 -Dsun.stderr.encoding=UTF-8 --module-path=C:\Users\ADMIN\Documents\Isabela\MiniSudoku\sudoku-game\target\classes;C:\Users\ADMIN\.m2\repository\org\openjfx\javafx-graphics\17.0.6\javafx-graphics-17.0.6-win.jar;C:\Users\ADMIN\.m2\repository\org\openjfx\javafx-fxml\17.0.6\javafx-fxml-17.0.6-win.jar;C:\Users\ADMIN\.m2\repository\org\openjfx\javafx-base\17.0.6\javafx-base-17.0.6-win.jar;C:\Users\ADMIN\.m2\repository\org\openjfx\javafx-controls\17.0.6\javafx-controls-17.0.6-win.jar -Djdk.module.main=com.example.sudokugame 
java_command: com.example.sudokugame/com.example.sudokugame.Main
java_class_path (initial): C:\Users\ADMIN\.m2\repository\org\openjfx\javafx-controls\17.0.6\javafx-controls-17.0.6.jar;C:\Users\ADMIN\.m2\repository\org\openjfx\javafx-graphics\17.0.6\javafx-graphics-17.0.6.jar;C:\Users\ADMIN\.m2\repository\org\openjfx\javafx-base\17.0.6\javafx-base-17.0.6.jar;C:\Users\ADMIN\.m2\repository\org\openjfx\javafx-fxml\17.0.6\javafx-fxml-17.0.6.jar;C:\Users\ADMIN\Documents\Isabela\IntelliJ IDEA 2024.3.3\lib\idea_rt.jar
Launcher Type: SUN_STANDARD

[Global flags]
     intx CICompilerCount                          = 3                                         {product} {ergonomic}
     uint ConcGCThreads                            = 1                                         {product} {ergonomic}
     uint G1ConcRefinementThreads                  = 4                                         {product} {ergonomic}
   size_t G1HeapRegionSize                         = 1048576                                   {product} {ergonomic}
   size_t InitialHeapSize                          = 65011712                                  {product} {ergonomic}
   size_t MarkStackSize                            = 4194304                                   {product} {ergonomic}
   size_t MarkStackSizeMax                         = 536870912                                 {product} {ergonomic}
   size_t MaxHeapSize                              = 1021313024                                {product} {ergonomic}
   size_t MaxNewSize                               = 612368384                                 {product} {ergonomic}
   size_t MinHeapDeltaBytes                        = 1048576                                   {product} {ergonomic}
   size_t MinHeapSize                              = 8388608                                   {product} {ergonomic}
    uintx NonNMethodCodeHeapSize                   = 5832704                                {pd product} {ergonomic}
    uintx NonProfiledCodeHeapSize                  = 122945536                              {pd product} {ergonomic}
    uintx ProfiledCodeHeapSize                     = 122880000                              {pd product} {ergonomic}
    uintx ReservedCodeCacheSize                    = 251658240                              {pd product} {ergonomic}
     bool SegmentedCodeCache                       = true                                      {product} {ergonomic}
   size_t SoftMaxHeapSize                          = 1021313024                             {manageable} {ergonomic}
     bool UseCompressedOops                        = true                           {product lp64_product} {ergonomic}
     bool UseG1GC                                  = true                                      {product} {ergonomic}
     bool UseLargePagesIndividualAllocation        = false                                  {pd product} {ergonomic}

Logging:
Log output configuration:
 #0: stdout all=warning uptime,level,tags foldmultilines=false
 #1: stderr all=off uptime,level,tags foldmultilines=false

Environment Variables:
PATH=C:\WINDOWS\system32;C:\WINDOWS;C:\WINDOWS\System32\Wbem;C:\WINDOWS\System32\WindowsPowerShell\v1.0\;C:\WINDOWS\System32\OpenSSH\;C:\Program Files\Git\cmd;C:\Users\ADMIN\AppData\Local\Microsoft\WindowsApps;
USERNAME=ADMIN
OS=Windows_NT
PROCESSOR_IDENTIFIER=Intel64 Family 6 Model 126 Stepping 5, GenuineIntel
TMP=C:\Users\ADMIN\AppData\Local\Temp
TEMP=C:\Users\ADMIN\AppData\Local\Temp




Periodic native trim disabled

---------------  S Y S T E M  ---------------

OS:
 Windows 11 , 64 bit Build 22621 (10.0.22621.4974)
OS uptime: 7 days 19:39 hours

CPU: total 4 (initial active 4) (2 cores per cpu, 2 threads per core) family 6 model 126 stepping 5 microcode 0x86, cx8, cmov, fxsr, ht, mmx, 3dnowpref, sse, sse2, sse3, ssse3, sse4.1, sse4.2, popcnt, lzcnt, tsc, tscinvbit, avx, avx2, aes, erms, clmul, bmi1, bmi2, adx, avx512f, avx512dq, avx512cd, avx512bw, avx512vl, sha, fma, vzeroupper, avx512_vpopcntdq, avx512_vpclmulqdq, avx512_vaes, avx512_vnni, clflush, clflushopt, avx512_vbmi2, avx512_vbmi, rdtscp, rdpid, fsrm, gfni, avx512_bitalg, f16c, pku, avx512_ifma
Processor Information for the first 4 processors :
  Max Mhz: 1190, Current Mhz: 1190, Mhz Limit: 1190

Memory: 4k page, system-wide physical 3891M (268M free)
TotalPageFile size 7987M (AvailPageFile size 1M)
current process WorkingSet (physical memory assigned to process): 61M, peak: 61M
current process commit charge ("private bytes"): 154M, peak: 154M

vm_info: OpenJDK 64-Bit Server VM (23.0.2+7-58) for windows-amd64 JRE (23.0.2+7-58), built on 2024-11-29T09:34:55Z with MS VC++ 17.6 (VS2022)

END.
